TimeQuest Timing Analyzer report for somadores
Fri Jun 22 22:22:32 2018
Quartus II 64-Bit Version 13.1.0 Build 162 10/23/2013 SJ Full Version


---------------------
; Table of Contents ;
---------------------
  1. Legal Notice
  2. TimeQuest Timing Analyzer Summary
  3. Parallel Compilation
  4. Clocks
  5. Slow 1200mV 85C Model Fmax Summary
  6. Timing Closure Recommendations
  7. Slow 1200mV 85C Model Setup Summary
  8. Slow 1200mV 85C Model Hold Summary
  9. Slow 1200mV 85C Model Recovery Summary
 10. Slow 1200mV 85C Model Removal Summary
 11. Slow 1200mV 85C Model Minimum Pulse Width Summary
 12. Propagation Delay
 13. Minimum Propagation Delay
 14. Slow 1200mV 85C Model Metastability Report
 15. Slow 1200mV 0C Model Fmax Summary
 16. Slow 1200mV 0C Model Setup Summary
 17. Slow 1200mV 0C Model Hold Summary
 18. Slow 1200mV 0C Model Recovery Summary
 19. Slow 1200mV 0C Model Removal Summary
 20. Slow 1200mV 0C Model Minimum Pulse Width Summary
 21. Propagation Delay
 22. Minimum Propagation Delay
 23. Slow 1200mV 0C Model Metastability Report
 24. Fast 1200mV 0C Model Setup Summary
 25. Fast 1200mV 0C Model Hold Summary
 26. Fast 1200mV 0C Model Recovery Summary
 27. Fast 1200mV 0C Model Removal Summary
 28. Fast 1200mV 0C Model Minimum Pulse Width Summary
 29. Propagation Delay
 30. Minimum Propagation Delay
 31. Fast 1200mV 0C Model Metastability Report
 32. Multicorner Timing Analysis Summary
 33. Propagation Delay
 34. Minimum Propagation Delay
 35. Board Trace Model Assignments
 36. Input Transition Times
 37. Slow Corner Signal Integrity Metrics
 38. Fast Corner Signal Integrity Metrics
 39. Clock Transfers
 40. Report TCCS
 41. Report RSKM
 42. Unconstrained Paths
 43. TimeQuest Timing Analyzer Messages



----------------
; Legal Notice ;
----------------
Copyright (C) 1991-2013 Altera Corporation
Your use of Altera Corporation's design tools, logic functions 
and other software and tools, and its AMPP partner logic 
functions, and any output files from any of the foregoing 
(including device programming or simulation files), and any 
associated documentation or information are expressly subject 
to the terms and conditions of the Altera Program License 
Subscription Agreement, Altera MegaCore Function License 
Agreement, or other applicable license agreement, including, 
without limitation, that your use is for the sole purpose of 
programming logic devices manufactured by Altera and sold by 
Altera or its authorized distributors.  Please refer to the 
applicable agreement for further details.



+--------------------------------------------------------------------------+
; TimeQuest Timing Analyzer Summary                                        ;
+--------------------+-----------------------------------------------------+
; Quartus II Version ; Version 13.1.0 Build 162 10/23/2013 SJ Full Version ;
; Revision Name      ; somadores                                           ;
; Device Family      ; Cyclone III                                         ;
; Device Name        ; EP3C5F256C6                                         ;
; Timing Models      ; Final                                               ;
; Delay Model        ; Combined                                            ;
; Rise/Fall Delays   ; Enabled                                             ;
+--------------------+-----------------------------------------------------+


+------------------------------------------+
; Parallel Compilation                     ;
+----------------------------+-------------+
; Processors                 ; Number      ;
+----------------------------+-------------+
; Number detected on machine ; 4           ;
; Maximum allowed            ; 2           ;
;                            ;             ;
; Average used               ; 1.00        ;
; Maximum used               ; 2           ;
;                            ;             ;
; Usage by Processor         ; % Time Used ;
;     Processor 1            ; 100.0%      ;
;     Processor 2            ; < 0.1%      ;
;     Processors 3-4         ;   0.0%      ;
+----------------------------+-------------+


----------
; Clocks ;
----------
No clocks to report.


--------------------------------------
; Slow 1200mV 85C Model Fmax Summary ;
--------------------------------------
No paths to report.


----------------------------------
; Timing Closure Recommendations ;
----------------------------------
HTML report is unavailable in plain text report export.


---------------------------------------
; Slow 1200mV 85C Model Setup Summary ;
---------------------------------------
No paths to report.


--------------------------------------
; Slow 1200mV 85C Model Hold Summary ;
--------------------------------------
No paths to report.


------------------------------------------
; Slow 1200mV 85C Model Recovery Summary ;
------------------------------------------
No paths to report.


-----------------------------------------
; Slow 1200mV 85C Model Removal Summary ;
-----------------------------------------
No paths to report.


-----------------------------------------------------
; Slow 1200mV 85C Model Minimum Pulse Width Summary ;
-----------------------------------------------------
No paths to report.


+--------------------------------------------------------------+
; Propagation Delay                                            ;
+------------+-------------+--------+--------+--------+--------+
; Input Port ; Output Port ; RR     ; RF     ; FR     ; FF     ;
+------------+-------------+--------+--------+--------+--------+
; carry_in   ; carry_out   ; 10.309 ; 10.371 ; 10.708 ; 10.770 ;
; carry_in   ; result[0]   ; 6.736  ;        ;        ; 7.197  ;
; carry_in   ; result[1]   ; 7.448  ; 7.491  ; 7.891  ; 7.877  ;
; carry_in   ; result[2]   ; 7.646  ; 7.629  ; 8.036  ; 8.028  ;
; carry_in   ; result[3]   ; 7.859  ; 7.848  ; 8.258  ; 8.247  ;
; carry_in   ; result[4]   ; 7.876  ; 7.860  ; 8.275  ; 8.259  ;
; carry_in   ; result[5]   ; 8.432  ; 8.407  ; 8.831  ; 8.806  ;
; carry_in   ; result[6]   ; 8.805  ; 8.779  ; 9.204  ; 9.178  ;
; carry_in   ; result[7]   ; 9.124  ; 9.099  ; 9.523  ; 9.498  ;
; x[0]       ; carry_out   ; 9.866  ; 9.928  ; 10.309 ; 10.371 ;
; x[0]       ; result[0]   ; 6.341  ;        ;        ; 6.792  ;
; x[0]       ; result[1]   ; 7.040  ; 7.048  ; 7.492  ; 7.491  ;
; x[0]       ; result[2]   ; 7.203  ; 7.186  ; 7.646  ; 7.629  ;
; x[0]       ; result[3]   ; 7.416  ; 7.405  ; 7.859  ; 7.848  ;
; x[0]       ; result[4]   ; 7.433  ; 7.417  ; 7.876  ; 7.860  ;
; x[0]       ; result[5]   ; 7.989  ; 7.964  ; 8.432  ; 8.407  ;
; x[0]       ; result[6]   ; 8.362  ; 8.336  ; 8.805  ; 8.779  ;
; x[0]       ; result[7]   ; 8.681  ; 8.656  ; 9.124  ; 9.099  ;
; x[1]       ; carry_out   ; 7.281  ; 7.343  ; 7.462  ; 7.524  ;
; x[1]       ; result[1]   ; 4.468  ;        ;        ; 4.648  ;
; x[1]       ; result[2]   ; 4.611  ; 4.601  ; 4.760  ; 4.782  ;
; x[1]       ; result[3]   ; 4.831  ; 4.820  ; 5.012  ; 5.001  ;
; x[1]       ; result[4]   ; 4.848  ; 4.832  ; 5.029  ; 5.013  ;
; x[1]       ; result[5]   ; 5.404  ; 5.379  ; 5.585  ; 5.560  ;
; x[1]       ; result[6]   ; 5.777  ; 5.751  ; 5.958  ; 5.932  ;
; x[1]       ; result[7]   ; 6.096  ; 6.071  ; 6.277  ; 6.252  ;
; x[2]       ; carry_out   ; 9.007  ; 9.069  ; 9.430  ; 9.492  ;
; x[2]       ; result[2]   ; 6.308  ;        ;        ; 6.725  ;
; x[2]       ; result[3]   ; 6.521  ; 6.547  ; 6.958  ; 6.970  ;
; x[2]       ; result[4]   ; 6.575  ; 6.558  ; 6.998  ; 6.981  ;
; x[2]       ; result[5]   ; 7.130  ; 7.105  ; 7.553  ; 7.528  ;
; x[2]       ; result[6]   ; 7.503  ; 7.477  ; 7.926  ; 7.900  ;
; x[2]       ; result[7]   ; 7.822  ; 7.797  ; 8.245  ; 8.220  ;
; x[3]       ; carry_out   ; 9.200  ; 9.262  ; 9.641  ; 9.703  ;
; x[3]       ; result[3]   ; 6.711  ;        ;        ; 7.155  ;
; x[3]       ; result[4]   ; 6.731  ; 6.751  ; 7.186  ; 7.192  ;
; x[3]       ; result[5]   ; 7.323  ; 7.298  ; 7.764  ; 7.739  ;
; x[3]       ; result[6]   ; 7.696  ; 7.670  ; 8.137  ; 8.111  ;
; x[3]       ; result[7]   ; 8.015  ; 7.990  ; 8.456  ; 8.431  ;
; x[4]       ; carry_out   ; 8.958  ; 9.020  ; 9.414  ; 9.476  ;
; x[4]       ; result[4]   ; 6.481  ;        ;        ; 6.975  ;
; x[4]       ; result[5]   ; 7.037  ; 7.056  ; 7.538  ; 7.500  ;
; x[4]       ; result[6]   ; 7.454  ; 7.428  ; 7.901  ; 7.884  ;
; x[4]       ; result[7]   ; 7.773  ; 7.748  ; 8.229  ; 8.204  ;
; x[5]       ; carry_out   ; 8.167  ; 8.229  ; 8.625  ; 8.687  ;
; x[5]       ; result[5]   ; 6.291  ;        ;        ; 6.722  ;
; x[5]       ; result[6]   ; 6.656  ; 6.637  ; 7.082  ; 7.095  ;
; x[5]       ; result[7]   ; 6.982  ; 6.957  ; 7.440  ; 7.415  ;
; x[6]       ; carry_out   ; 7.977  ; 8.038  ; 8.391  ; 8.452  ;
; x[6]       ; result[6]   ; 6.434  ;        ;        ; 6.838  ;
; x[6]       ; result[7]   ; 6.755  ; 6.767  ; 7.183  ; 7.181  ;
; x[7]       ; carry_out   ; 7.965  ; 8.067  ; 8.446  ; 8.504  ;
; x[7]       ; result[7]   ; 6.771  ;        ;        ; 7.247  ;
; y[0]       ; carry_out   ; 10.338 ; 10.400 ; 10.734 ; 10.796 ;
; y[0]       ; result[0]   ; 6.765  ;        ;        ; 7.233  ;
; y[0]       ; result[1]   ; 7.480  ; 7.520  ; 7.917  ; 7.913  ;
; y[0]       ; result[2]   ; 7.675  ; 7.658  ; 8.068  ; 8.054  ;
; y[0]       ; result[3]   ; 7.888  ; 7.877  ; 8.284  ; 8.273  ;
; y[0]       ; result[4]   ; 7.905  ; 7.889  ; 8.301  ; 8.285  ;
; y[0]       ; result[5]   ; 8.461  ; 8.436  ; 8.857  ; 8.832  ;
; y[0]       ; result[6]   ; 8.834  ; 8.808  ; 9.230  ; 9.204  ;
; y[0]       ; result[7]   ; 9.153  ; 9.128  ; 9.549  ; 9.524  ;
; y[1]       ; carry_out   ; 7.496  ; 7.558  ; 7.668  ; 7.730  ;
; y[1]       ; result[1]   ; 4.642  ;        ;        ; 4.831  ;
; y[1]       ; result[2]   ; 4.800  ; 4.816  ; 4.975  ; 4.988  ;
; y[1]       ; result[3]   ; 5.046  ; 5.035  ; 5.218  ; 5.207  ;
; y[1]       ; result[4]   ; 5.063  ; 5.047  ; 5.235  ; 5.219  ;
; y[1]       ; result[5]   ; 5.619  ; 5.594  ; 5.791  ; 5.766  ;
; y[1]       ; result[6]   ; 5.992  ; 5.966  ; 6.164  ; 6.138  ;
; y[1]       ; result[7]   ; 6.311  ; 6.286  ; 6.483  ; 6.458  ;
; y[2]       ; carry_out   ; 9.140  ; 9.202  ; 9.558  ; 9.620  ;
; y[2]       ; result[2]   ; 6.484  ;        ;        ; 6.880  ;
; y[2]       ; result[3]   ; 6.684  ; 6.680  ; 7.070  ; 7.098  ;
; y[2]       ; result[4]   ; 6.708  ; 6.691  ; 7.126  ; 7.109  ;
; y[2]       ; result[5]   ; 7.263  ; 7.238  ; 7.681  ; 7.656  ;
; y[2]       ; result[6]   ; 7.636  ; 7.610  ; 8.054  ; 8.028  ;
; y[2]       ; result[7]   ; 7.955  ; 7.930  ; 8.373  ; 8.348  ;
; y[3]       ; carry_out   ; 8.822  ; 8.884  ; 9.272  ; 9.334  ;
; y[3]       ; result[3]   ; 6.373  ;        ;        ; 6.812  ;
; y[3]       ; result[4]   ; 6.383  ; 6.373  ; 6.801  ; 6.823  ;
; y[3]       ; result[5]   ; 6.945  ; 6.920  ; 7.395  ; 7.370  ;
; y[3]       ; result[6]   ; 7.318  ; 7.292  ; 7.768  ; 7.742  ;
; y[3]       ; result[7]   ; 7.637  ; 7.612  ; 8.087  ; 8.062  ;
; y[4]       ; carry_out   ; 8.705  ; 8.767  ; 9.122  ; 9.184  ;
; y[4]       ; result[4]   ; 6.226  ;        ;        ; 6.689  ;
; y[4]       ; result[5]   ; 6.787  ; 6.803  ; 7.246  ; 7.218  ;
; y[4]       ; result[6]   ; 7.201  ; 7.175  ; 7.616  ; 7.592  ;
; y[4]       ; result[7]   ; 7.520  ; 7.495  ; 7.937  ; 7.912  ;
; y[5]       ; carry_out   ; 8.351  ; 8.413  ; 8.767  ; 8.829  ;
; y[5]       ; result[5]   ; 6.438  ;        ;        ; 6.848  ;
; y[5]       ; result[6]   ; 6.814  ; 6.821  ; 7.233  ; 7.237  ;
; y[5]       ; result[7]   ; 7.166  ; 7.141  ; 7.582  ; 7.557  ;
; y[6]       ; carry_out   ; 8.311  ; 8.372  ; 8.745  ; 8.806  ;
; y[6]       ; result[6]   ; 6.810  ;        ;        ; 7.216  ;
; y[6]       ; result[7]   ; 7.119  ; 7.101  ; 7.521  ; 7.535  ;
; y[7]       ; carry_out   ; 7.688  ; 7.793  ; 8.153  ; 8.201  ;
; y[7]       ; result[7]   ; 6.500  ;        ;        ; 6.951  ;
+------------+-------------+--------+--------+--------+--------+


+------------------------------------------------------------+
; Minimum Propagation Delay                                  ;
+------------+-------------+-------+-------+--------+--------+
; Input Port ; Output Port ; RR    ; RF    ; FR     ; FF     ;
+------------+-------------+-------+-------+--------+--------+
; carry_in   ; carry_out   ; 9.884 ; 9.954 ; 10.299 ; 10.369 ;
; carry_in   ; result[0]   ; 6.554 ;       ;        ; 6.988  ;
; carry_in   ; result[1]   ; 7.189 ; 7.221 ; 7.604  ; 7.624  ;
; carry_in   ; result[2]   ; 7.330 ; 7.321 ; 7.745  ; 7.736  ;
; carry_in   ; result[3]   ; 7.526 ; 7.524 ; 7.941  ; 7.939  ;
; carry_in   ; result[4]   ; 7.536 ; 7.526 ; 7.951  ; 7.941  ;
; carry_in   ; result[5]   ; 8.060 ; 8.044 ; 8.475  ; 8.459  ;
; carry_in   ; result[6]   ; 8.409 ; 8.392 ; 8.824  ; 8.807  ;
; carry_in   ; result[7]   ; 8.706 ; 8.690 ; 9.121  ; 9.105  ;
; x[0]       ; carry_out   ; 9.551 ; 9.621 ; 9.992  ; 10.062 ;
; x[0]       ; result[0]   ; 6.184 ;       ;        ; 6.624  ;
; x[0]       ; result[1]   ; 6.856 ; 6.863 ; 7.297  ; 7.295  ;
; x[0]       ; result[2]   ; 6.997 ; 6.988 ; 7.438  ; 7.427  ;
; x[0]       ; result[3]   ; 7.193 ; 7.191 ; 7.634  ; 7.632  ;
; x[0]       ; result[4]   ; 7.203 ; 7.193 ; 7.644  ; 7.634  ;
; x[0]       ; result[5]   ; 7.727 ; 7.711 ; 8.168  ; 8.152  ;
; x[0]       ; result[6]   ; 8.076 ; 8.059 ; 8.517  ; 8.500  ;
; x[0]       ; result[7]   ; 8.373 ; 8.357 ; 8.814  ; 8.798  ;
; x[1]       ; carry_out   ; 7.086 ; 7.156 ; 7.236  ; 7.306  ;
; x[1]       ; result[1]   ; 4.395 ;       ;        ; 4.574  ;
; x[1]       ; result[2]   ; 4.532 ; 4.521 ; 4.682  ; 4.702  ;
; x[1]       ; result[3]   ; 4.728 ; 4.726 ; 4.878  ; 4.876  ;
; x[1]       ; result[4]   ; 4.738 ; 4.728 ; 4.888  ; 4.878  ;
; x[1]       ; result[5]   ; 5.262 ; 5.246 ; 5.412  ; 5.396  ;
; x[1]       ; result[6]   ; 5.611 ; 5.594 ; 5.761  ; 5.744  ;
; x[1]       ; result[7]   ; 5.908 ; 5.892 ; 6.058  ; 6.042  ;
; x[2]       ; carry_out   ; 8.661 ; 8.731 ; 9.084  ; 9.154  ;
; x[2]       ; result[2]   ; 6.146 ;       ;        ; 6.538  ;
; x[2]       ; result[3]   ; 6.303 ; 6.326 ; 6.726  ; 6.714  ;
; x[2]       ; result[4]   ; 6.313 ; 6.303 ; 6.736  ; 6.723  ;
; x[2]       ; result[5]   ; 6.837 ; 6.821 ; 7.260  ; 7.244  ;
; x[2]       ; result[6]   ; 7.186 ; 7.169 ; 7.609  ; 7.592  ;
; x[2]       ; result[7]   ; 7.483 ; 7.467 ; 7.906  ; 7.890  ;
; x[3]       ; carry_out   ; 8.852 ; 8.922 ; 9.293  ; 9.363  ;
; x[3]       ; result[3]   ; 6.531 ;       ;        ; 6.952  ;
; x[3]       ; result[4]   ; 6.504 ; 6.519 ; 6.945  ; 6.925  ;
; x[3]       ; result[5]   ; 7.028 ; 7.012 ; 7.469  ; 7.450  ;
; x[3]       ; result[6]   ; 7.377 ; 7.360 ; 7.818  ; 7.801  ;
; x[3]       ; result[7]   ; 7.674 ; 7.658 ; 8.115  ; 8.099  ;
; x[4]       ; carry_out   ; 8.622 ; 8.692 ; 9.092  ; 9.162  ;
; x[4]       ; result[4]   ; 6.314 ;       ;        ; 6.779  ;
; x[4]       ; result[5]   ; 6.798 ; 6.807 ; 7.268  ; 7.265  ;
; x[4]       ; result[6]   ; 7.147 ; 7.130 ; 7.617  ; 7.600  ;
; x[4]       ; result[7]   ; 7.444 ; 7.428 ; 7.914  ; 7.898  ;
; x[5]       ; carry_out   ; 7.965 ; 8.035 ; 8.381  ; 8.451  ;
; x[5]       ; result[5]   ; 6.143 ;       ;        ; 6.561  ;
; x[5]       ; result[6]   ; 6.490 ; 6.471 ; 6.906  ; 6.918  ;
; x[5]       ; result[7]   ; 6.787 ; 6.771 ; 7.203  ; 7.187  ;
; x[6]       ; carry_out   ; 7.707 ; 7.777 ; 8.120  ; 8.187  ;
; x[6]       ; result[6]   ; 6.269 ;       ;        ; 6.649  ;
; x[6]       ; result[7]   ; 6.529 ; 6.538 ; 6.942  ; 6.916  ;
; x[7]       ; carry_out   ; 7.734 ; 7.826 ; 8.197  ; 8.282  ;
; x[7]       ; result[7]   ; 6.592 ;       ;        ; 7.046  ;
; y[0]       ; carry_out   ; 9.912 ; 9.982 ; 10.333 ; 10.403 ;
; y[0]       ; result[0]   ; 6.545 ;       ;        ; 6.965  ;
; y[0]       ; result[1]   ; 7.217 ; 7.246 ; 7.638  ; 7.660  ;
; y[0]       ; result[2]   ; 7.358 ; 7.349 ; 7.779  ; 7.770  ;
; y[0]       ; result[3]   ; 7.554 ; 7.552 ; 7.975  ; 7.973  ;
; y[0]       ; result[4]   ; 7.564 ; 7.554 ; 7.985  ; 7.975  ;
; y[0]       ; result[5]   ; 8.088 ; 8.072 ; 8.509  ; 8.493  ;
; y[0]       ; result[6]   ; 8.437 ; 8.420 ; 8.858  ; 8.841  ;
; y[0]       ; result[7]   ; 8.734 ; 8.718 ; 9.155  ; 9.139  ;
; y[1]       ; carry_out   ; 7.207 ; 7.277 ; 7.392  ; 7.462  ;
; y[1]       ; result[1]   ; 4.511 ;       ;        ; 4.686  ;
; y[1]       ; result[2]   ; 4.653 ; 4.671 ; 4.838  ; 4.819  ;
; y[1]       ; result[3]   ; 4.849 ; 4.847 ; 5.034  ; 5.031  ;
; y[1]       ; result[4]   ; 4.859 ; 4.849 ; 5.044  ; 5.034  ;
; y[1]       ; result[5]   ; 5.383 ; 5.367 ; 5.568  ; 5.552  ;
; y[1]       ; result[6]   ; 5.732 ; 5.715 ; 5.917  ; 5.900  ;
; y[1]       ; result[7]   ; 6.029 ; 6.013 ; 6.214  ; 6.198  ;
; y[2]       ; carry_out   ; 8.874 ; 8.944 ; 9.251  ; 9.321  ;
; y[2]       ; result[2]   ; 6.323 ;       ;        ; 6.710  ;
; y[2]       ; result[3]   ; 6.516 ; 6.512 ; 6.893  ; 6.920  ;
; y[2]       ; result[4]   ; 6.526 ; 6.516 ; 6.903  ; 6.893  ;
; y[2]       ; result[5]   ; 7.050 ; 7.034 ; 7.427  ; 7.411  ;
; y[2]       ; result[6]   ; 7.399 ; 7.382 ; 7.776  ; 7.759  ;
; y[2]       ; result[7]   ; 7.696 ; 7.680 ; 8.073  ; 8.057  ;
; y[3]       ; carry_out   ; 8.577 ; 8.647 ; 8.985  ; 9.055  ;
; y[3]       ; result[3]   ; 6.218 ;       ;        ; 6.645  ;
; y[3]       ; result[4]   ; 6.229 ; 6.217 ; 6.637  ; 6.656  ;
; y[3]       ; result[5]   ; 6.753 ; 6.737 ; 7.161  ; 7.145  ;
; y[3]       ; result[6]   ; 7.102 ; 7.085 ; 7.510  ; 7.493  ;
; y[3]       ; result[7]   ; 7.399 ; 7.383 ; 7.807  ; 7.791  ;
; y[4]       ; carry_out   ; 8.379 ; 8.449 ; 8.821  ; 8.891  ;
; y[4]       ; result[4]   ; 6.030 ;       ;        ; 6.446  ;
; y[4]       ; result[5]   ; 6.555 ; 6.561 ; 6.997  ; 6.996  ;
; y[4]       ; result[6]   ; 6.904 ; 6.887 ; 7.346  ; 7.329  ;
; y[4]       ; result[7]   ; 7.201 ; 7.185 ; 7.643  ; 7.627  ;
; y[5]       ; carry_out   ; 8.056 ; 8.126 ; 8.474  ; 8.544  ;
; y[5]       ; result[5]   ; 6.233 ;       ;        ; 6.618  ;
; y[5]       ; result[6]   ; 6.581 ; 6.591 ; 6.999  ; 6.972  ;
; y[5]       ; result[7]   ; 6.878 ; 6.862 ; 7.296  ; 7.278  ;
; y[6]       ; carry_out   ; 8.112 ; 8.182 ; 8.505  ; 8.575  ;
; y[6]       ; result[6]   ; 6.639 ;       ;        ; 7.034  ;
; y[6]       ; result[7]   ; 6.934 ; 6.916 ; 7.327  ; 7.340  ;
; y[7]       ; carry_out   ; 7.470 ; 7.565 ; 7.906  ; 7.989  ;
; y[7]       ; result[7]   ; 6.293 ;       ;        ; 6.696  ;
+------------+-------------+-------+-------+--------+--------+


----------------------------------------------
; Slow 1200mV 85C Model Metastability Report ;
----------------------------------------------
No synchronizer chains to report.


-------------------------------------
; Slow 1200mV 0C Model Fmax Summary ;
-------------------------------------
No paths to report.


--------------------------------------
; Slow 1200mV 0C Model Setup Summary ;
--------------------------------------
No paths to report.


-------------------------------------
; Slow 1200mV 0C Model Hold Summary ;
-------------------------------------
No paths to report.


-----------------------------------------
; Slow 1200mV 0C Model Recovery Summary ;
-----------------------------------------
No paths to report.


----------------------------------------
; Slow 1200mV 0C Model Removal Summary ;
----------------------------------------
No paths to report.


----------------------------------------------------
; Slow 1200mV 0C Model Minimum Pulse Width Summary ;
----------------------------------------------------
No paths to report.


+-----------------------------------------------------------+
; Propagation Delay                                         ;
+------------+-------------+-------+-------+-------+--------+
; Input Port ; Output Port ; RR    ; RF    ; FR    ; FF     ;
+------------+-------------+-------+-------+-------+--------+
; carry_in   ; carry_out   ; 9.578 ; 9.634 ; 9.902 ; 9.964  ;
; carry_in   ; result[0]   ; 6.233 ;       ;       ; 6.589  ;
; carry_in   ; result[1]   ; 6.891 ; 6.921 ; 7.251 ; 7.234  ;
; carry_in   ; result[2]   ; 7.070 ; 7.007 ; 7.392 ; 7.337  ;
; carry_in   ; result[3]   ; 7.251 ; 7.219 ; 7.581 ; 7.542  ;
; carry_in   ; result[4]   ; 7.267 ; 7.231 ; 7.591 ; 7.561  ;
; carry_in   ; result[5]   ; 7.769 ; 7.724 ; 8.099 ; 8.048  ;
; carry_in   ; result[6]   ; 8.108 ; 8.057 ; 8.432 ; 8.387  ;
; carry_in   ; result[7]   ; 8.392 ; 8.362 ; 8.722 ; 8.686  ;
; x[0]       ; carry_out   ; 9.172 ; 9.229 ; 9.541 ; 9.603  ;
; x[0]       ; result[0]   ; 5.874 ;       ;       ; 6.219  ;
; x[0]       ; result[1]   ; 6.516 ; 6.515 ; 6.890 ; 6.881  ;
; x[0]       ; result[2]   ; 6.664 ; 6.602 ; 7.031 ; 6.976  ;
; x[0]       ; result[3]   ; 6.846 ; 6.813 ; 7.220 ; 7.181  ;
; x[0]       ; result[4]   ; 6.861 ; 6.826 ; 7.230 ; 7.200  ;
; x[0]       ; result[5]   ; 7.364 ; 7.318 ; 7.738 ; 7.687  ;
; x[0]       ; result[6]   ; 7.702 ; 7.652 ; 8.071 ; 8.026  ;
; x[0]       ; result[7]   ; 7.987 ; 7.956 ; 8.361 ; 8.325  ;
; x[1]       ; carry_out   ; 6.957 ; 7.019 ; 7.146 ; 7.208  ;
; x[1]       ; result[1]   ; 4.310 ;       ;       ; 4.497  ;
; x[1]       ; result[2]   ; 4.449 ; 4.392 ; 4.609 ; 4.581  ;
; x[1]       ; result[3]   ; 4.636 ; 4.598 ; 4.825 ; 4.786  ;
; x[1]       ; result[4]   ; 4.646 ; 4.616 ; 4.835 ; 4.805  ;
; x[1]       ; result[5]   ; 5.154 ; 5.103 ; 5.343 ; 5.292  ;
; x[1]       ; result[6]   ; 5.487 ; 5.442 ; 5.676 ; 5.631  ;
; x[1]       ; result[7]   ; 5.777 ; 5.741 ; 5.966 ; 5.930  ;
; x[2]       ; carry_out   ; 8.386 ; 8.442 ; 8.750 ; 8.806  ;
; x[2]       ; result[2]   ; 5.844 ;       ;       ; 6.164  ;
; x[2]       ; result[3]   ; 6.032 ; 6.027 ; 6.410 ; 6.391  ;
; x[2]       ; result[4]   ; 6.075 ; 6.037 ; 6.439 ; 6.401  ;
; x[2]       ; result[5]   ; 6.576 ; 6.532 ; 6.940 ; 6.896  ;
; x[2]       ; result[6]   ; 6.916 ; 6.865 ; 7.280 ; 7.229  ;
; x[2]       ; result[7]   ; 7.200 ; 7.170 ; 7.564 ; 7.534  ;
; x[3]       ; carry_out   ; 8.575 ; 8.638 ; 8.942 ; 9.005  ;
; x[3]       ; result[3]   ; 6.220 ;       ;       ; 6.569  ;
; x[3]       ; result[4]   ; 6.239 ; 6.235 ; 6.620 ; 6.602  ;
; x[3]       ; result[5]   ; 6.773 ; 6.721 ; 7.140 ; 7.088  ;
; x[3]       ; result[6]   ; 7.105 ; 7.061 ; 7.472 ; 7.428  ;
; x[3]       ; result[7]   ; 7.396 ; 7.359 ; 7.763 ; 7.726  ;
; x[4]       ; carry_out   ; 8.353 ; 8.409 ; 8.724 ; 8.787  ;
; x[4]       ; result[4]   ; 5.999 ;       ;       ; 6.395  ;
; x[4]       ; result[5]   ; 6.512 ; 6.499 ; 6.922 ; 6.862  ;
; x[4]       ; result[6]   ; 6.883 ; 6.832 ; 7.253 ; 7.210  ;
; x[4]       ; result[7]   ; 7.167 ; 7.137 ; 7.545 ; 7.507  ;
; x[5]       ; carry_out   ; 7.635 ; 7.697 ; 8.020 ; 8.083  ;
; x[5]       ; result[5]   ; 5.833 ;       ;       ; 6.172  ;
; x[5]       ; result[6]   ; 6.165 ; 6.120 ; 6.522 ; 6.506  ;
; x[5]       ; result[7]   ; 6.455 ; 6.419 ; 6.841 ; 6.803  ;
; x[6]       ; carry_out   ; 7.470 ; 7.525 ; 7.809 ; 7.864  ;
; x[6]       ; result[6]   ; 5.965 ;       ;       ; 6.275  ;
; x[6]       ; result[7]   ; 6.258 ; 6.254 ; 6.611 ; 6.593  ;
; x[7]       ; carry_out   ; 7.461 ; 7.551 ; 7.844 ; 7.898  ;
; x[7]       ; result[7]   ; 6.262 ;       ;       ; 6.640  ;
; y[0]       ; carry_out   ; 9.600 ; 9.656 ; 9.949 ; 10.011 ;
; y[0]       ; result[0]   ; 6.256 ;       ;       ; 6.644  ;
; y[0]       ; result[1]   ; 6.917 ; 6.943 ; 7.298 ; 7.288  ;
; y[0]       ; result[2]   ; 7.092 ; 7.029 ; 7.439 ; 7.384  ;
; y[0]       ; result[3]   ; 7.273 ; 7.241 ; 7.628 ; 7.589  ;
; y[0]       ; result[4]   ; 7.289 ; 7.253 ; 7.638 ; 7.608  ;
; y[0]       ; result[5]   ; 7.791 ; 7.746 ; 8.146 ; 8.095  ;
; y[0]       ; result[6]   ; 8.130 ; 8.079 ; 8.479 ; 8.434  ;
; y[0]       ; result[7]   ; 8.414 ; 8.384 ; 8.769 ; 8.733  ;
; y[1]       ; carry_out   ; 7.148 ; 7.210 ; 7.325 ; 7.387  ;
; y[1]       ; result[1]   ; 4.464 ;       ;       ; 4.657  ;
; y[1]       ; result[2]   ; 4.616 ; 4.583 ; 4.797 ; 4.760  ;
; y[1]       ; result[3]   ; 4.827 ; 4.788 ; 5.004 ; 4.965  ;
; y[1]       ; result[4]   ; 4.837 ; 4.807 ; 5.014 ; 4.984  ;
; y[1]       ; result[5]   ; 5.345 ; 5.294 ; 5.522 ; 5.471  ;
; y[1]       ; result[6]   ; 5.678 ; 5.633 ; 5.855 ; 5.810  ;
; y[1]       ; result[7]   ; 5.968 ; 5.932 ; 6.145 ; 6.109  ;
; y[2]       ; carry_out   ; 8.510 ; 8.567 ; 8.869 ; 8.925  ;
; y[2]       ; result[2]   ; 6.006 ;       ;       ; 6.306  ;
; y[2]       ; result[3]   ; 6.184 ; 6.151 ; 6.514 ; 6.510  ;
; y[2]       ; result[4]   ; 6.199 ; 6.164 ; 6.558 ; 6.520  ;
; y[2]       ; result[5]   ; 6.702 ; 6.656 ; 7.059 ; 7.015  ;
; y[2]       ; result[6]   ; 7.040 ; 6.990 ; 7.399 ; 7.348  ;
; y[2]       ; result[7]   ; 7.325 ; 7.294 ; 7.683 ; 7.653  ;
; y[3]       ; carry_out   ; 8.224 ; 8.284 ; 8.606 ; 8.669  ;
; y[3]       ; result[3]   ; 5.902 ;       ;       ; 6.254  ;
; y[3]       ; result[4]   ; 5.913 ; 5.881 ; 6.269 ; 6.266  ;
; y[3]       ; result[5]   ; 6.419 ; 6.370 ; 6.804 ; 6.752  ;
; y[3]       ; result[6]   ; 6.754 ; 6.707 ; 7.136 ; 7.092  ;
; y[3]       ; result[7]   ; 7.042 ; 7.008 ; 7.427 ; 7.390  ;
; y[4]       ; carry_out   ; 8.116 ; 8.172 ; 8.467 ; 8.530  ;
; y[4]       ; result[4]   ; 5.759 ;       ;       ; 6.141  ;
; y[4]       ; result[5]   ; 6.279 ; 6.262 ; 6.665 ; 6.612  ;
; y[4]       ; result[6]   ; 6.646 ; 6.595 ; 6.996 ; 6.953  ;
; y[4]       ; result[7]   ; 6.930 ; 6.900 ; 7.288 ; 7.250  ;
; y[5]       ; carry_out   ; 7.797 ; 7.860 ; 8.156 ; 8.219  ;
; y[5]       ; result[5]   ; 5.964 ;       ;       ; 6.295  ;
; y[5]       ; result[6]   ; 6.304 ; 6.283 ; 6.667 ; 6.642  ;
; y[5]       ; result[7]   ; 6.618 ; 6.580 ; 6.977 ; 6.939  ;
; y[6]       ; carry_out   ; 7.777 ; 7.835 ; 8.131 ; 8.186  ;
; y[6]       ; result[6]   ; 6.310 ;       ;       ; 6.618  ;
; y[6]       ; result[7]   ; 6.593 ; 6.561 ; 6.918 ; 6.915  ;
; y[7]       ; carry_out   ; 7.206 ; 7.300 ; 7.594 ; 7.641  ;
; y[7]       ; result[7]   ; 6.015 ;       ;       ; 6.389  ;
+------------+-------------+-------+-------+-------+--------+


+----------------------------------------------------------+
; Minimum Propagation Delay                                ;
+------------+-------------+-------+-------+-------+-------+
; Input Port ; Output Port ; RR    ; RF    ; FR    ; FF    ;
+------------+-------------+-------+-------+-------+-------+
; carry_in   ; carry_out   ; 9.232 ; 9.295 ; 9.572 ; 9.635 ;
; carry_in   ; result[0]   ; 6.077 ;       ;       ; 6.412 ;
; carry_in   ; result[1]   ; 6.661 ; 6.687 ; 7.001 ; 7.015 ;
; carry_in   ; result[2]   ; 6.797 ; 6.744 ; 7.137 ; 7.084 ;
; carry_in   ; result[3]   ; 6.973 ; 6.942 ; 7.313 ; 7.282 ;
; carry_in   ; result[4]   ; 6.982 ; 6.953 ; 7.322 ; 7.293 ;
; carry_in   ; result[5]   ; 7.463 ; 7.420 ; 7.803 ; 7.760 ;
; carry_in   ; result[6]   ; 7.782 ; 7.739 ; 8.122 ; 8.079 ;
; carry_in   ; result[7]   ; 8.054 ; 8.024 ; 8.394 ; 8.364 ;
; x[0]       ; carry_out   ; 8.927 ; 8.990 ; 9.292 ; 9.354 ;
; x[0]       ; result[0]   ; 5.740 ;       ;       ; 6.079 ;
; x[0]       ; result[1]   ; 6.356 ; 6.355 ; 6.721 ; 6.714 ;
; x[0]       ; result[2]   ; 6.492 ; 6.439 ; 6.857 ; 6.799 ;
; x[0]       ; result[3]   ; 6.668 ; 6.637 ; 7.033 ; 6.998 ;
; x[0]       ; result[4]   ; 6.677 ; 6.648 ; 7.042 ; 7.009 ;
; x[0]       ; result[5]   ; 7.158 ; 7.115 ; 7.523 ; 7.476 ;
; x[0]       ; result[6]   ; 7.477 ; 7.434 ; 7.842 ; 7.796 ;
; x[0]       ; result[7]   ; 7.749 ; 7.719 ; 8.114 ; 8.083 ;
; x[1]       ; carry_out   ; 6.810 ; 6.873 ; 6.972 ; 7.035 ;
; x[1]       ; result[1]   ; 4.243 ;       ;       ; 4.429 ;
; x[1]       ; result[2]   ; 4.375 ; 4.320 ; 4.537 ; 4.510 ;
; x[1]       ; result[3]   ; 4.551 ; 4.519 ; 4.713 ; 4.682 ;
; x[1]       ; result[4]   ; 4.560 ; 4.530 ; 4.722 ; 4.693 ;
; x[1]       ; result[5]   ; 5.041 ; 4.997 ; 5.203 ; 5.160 ;
; x[1]       ; result[6]   ; 5.360 ; 5.317 ; 5.522 ; 5.479 ;
; x[1]       ; result[7]   ; 5.632 ; 5.602 ; 5.794 ; 5.764 ;
; x[2]       ; carry_out   ; 8.102 ; 8.165 ; 8.466 ; 8.527 ;
; x[2]       ; result[2]   ; 5.702 ;       ;       ; 6.008 ;
; x[2]       ; result[3]   ; 5.843 ; 5.837 ; 6.208 ; 6.171 ;
; x[2]       ; result[4]   ; 5.852 ; 5.824 ; 6.216 ; 6.182 ;
; x[2]       ; result[5]   ; 6.333 ; 6.290 ; 6.697 ; 6.649 ;
; x[2]       ; result[6]   ; 6.652 ; 6.609 ; 7.016 ; 6.969 ;
; x[2]       ; result[7]   ; 6.924 ; 6.894 ; 7.288 ; 7.256 ;
; x[3]       ; carry_out   ; 8.289 ; 8.352 ; 8.658 ; 8.719 ;
; x[3]       ; result[3]   ; 6.063 ;       ;       ; 6.398 ;
; x[3]       ; result[4]   ; 6.039 ; 6.036 ; 6.408 ; 6.374 ;
; x[3]       ; result[5]   ; 6.520 ; 6.477 ; 6.889 ; 6.841 ;
; x[3]       ; result[6]   ; 6.839 ; 6.796 ; 7.208 ; 7.161 ;
; x[3]       ; result[7]   ; 7.111 ; 7.081 ; 7.480 ; 7.448 ;
; x[4]       ; carry_out   ; 8.071 ; 8.134 ; 8.458 ; 8.521 ;
; x[4]       ; result[4]   ; 5.856 ;       ;       ; 6.228 ;
; x[4]       ; result[5]   ; 6.302 ; 6.286 ; 6.689 ; 6.661 ;
; x[4]       ; result[6]   ; 6.621 ; 6.578 ; 7.008 ; 6.965 ;
; x[4]       ; result[7]   ; 6.893 ; 6.863 ; 7.280 ; 7.250 ;
; x[5]       ; carry_out   ; 7.473 ; 7.536 ; 7.821 ; 7.884 ;
; x[5]       ; result[5]   ; 5.705 ;       ;       ; 6.034 ;
; x[5]       ; result[6]   ; 6.023 ; 5.978 ; 6.371 ; 6.354 ;
; x[5]       ; result[7]   ; 6.295 ; 6.265 ; 6.643 ; 6.613 ;
; x[6]       ; carry_out   ; 7.238 ; 7.301 ; 7.578 ; 7.635 ;
; x[6]       ; result[6]   ; 5.821 ;       ;       ; 6.115 ;
; x[6]       ; result[7]   ; 6.060 ; 6.055 ; 6.400 ; 6.364 ;
; x[7]       ; carry_out   ; 7.258 ; 7.346 ; 7.628 ; 7.707 ;
; x[7]       ; result[7]   ; 6.110 ;       ;       ; 6.468 ;
; y[0]       ; carry_out   ; 9.254 ; 9.317 ; 9.624 ; 9.687 ;
; y[0]       ; result[0]   ; 6.067 ;       ;       ; 6.412 ;
; y[0]       ; result[1]   ; 6.683 ; 6.707 ; 7.053 ; 7.068 ;
; y[0]       ; result[2]   ; 6.819 ; 6.766 ; 7.189 ; 7.136 ;
; y[0]       ; result[3]   ; 6.995 ; 6.964 ; 7.365 ; 7.334 ;
; y[0]       ; result[4]   ; 7.004 ; 6.975 ; 7.374 ; 7.345 ;
; y[0]       ; result[5]   ; 7.485 ; 7.442 ; 7.855 ; 7.812 ;
; y[0]       ; result[6]   ; 7.804 ; 7.761 ; 8.174 ; 8.131 ;
; y[0]       ; result[7]   ; 8.076 ; 8.046 ; 8.446 ; 8.416 ;
; y[1]       ; carry_out   ; 6.915 ; 6.978 ; 7.103 ; 7.164 ;
; y[1]       ; result[1]   ; 4.343 ;       ;       ; 4.524 ;
; y[1]       ; result[2]   ; 4.480 ; 4.455 ; 4.669 ; 4.609 ;
; y[1]       ; result[3]   ; 4.656 ; 4.625 ; 4.845 ; 4.808 ;
; y[1]       ; result[4]   ; 4.665 ; 4.636 ; 4.853 ; 4.819 ;
; y[1]       ; result[5]   ; 5.146 ; 5.103 ; 5.334 ; 5.286 ;
; y[1]       ; result[6]   ; 5.465 ; 5.422 ; 5.653 ; 5.606 ;
; y[1]       ; result[7]   ; 5.737 ; 5.707 ; 5.925 ; 5.893 ;
; y[2]       ; carry_out   ; 8.300 ; 8.363 ; 8.622 ; 8.685 ;
; y[2]       ; result[2]   ; 5.868 ;       ;       ; 6.161 ;
; y[2]       ; result[3]   ; 6.041 ; 6.008 ; 6.363 ; 6.358 ;
; y[2]       ; result[4]   ; 6.050 ; 6.019 ; 6.372 ; 6.344 ;
; y[2]       ; result[5]   ; 6.531 ; 6.486 ; 6.853 ; 6.810 ;
; y[2]       ; result[6]   ; 6.850 ; 6.806 ; 7.172 ; 7.129 ;
; y[2]       ; result[7]   ; 7.122 ; 7.092 ; 7.444 ; 7.414 ;
; y[3]       ; carry_out   ; 8.030 ; 8.093 ; 8.377 ; 8.440 ;
; y[3]       ; result[3]   ; 5.769 ;       ;       ; 6.113 ;
; y[3]       ; result[4]   ; 5.780 ; 5.750 ; 6.127 ; 6.125 ;
; y[3]       ; result[5]   ; 6.261 ; 6.217 ; 6.608 ; 6.565 ;
; y[3]       ; result[6]   ; 6.580 ; 6.537 ; 6.927 ; 6.884 ;
; y[3]       ; result[7]   ; 6.852 ; 6.822 ; 7.199 ; 7.169 ;
; y[4]       ; carry_out   ; 7.843 ; 7.906 ; 8.217 ; 8.280 ;
; y[4]       ; result[4]   ; 5.593 ;       ;       ; 5.930 ;
; y[4]       ; result[5]   ; 6.074 ; 6.056 ; 6.448 ; 6.421 ;
; y[4]       ; result[6]   ; 6.393 ; 6.350 ; 6.767 ; 6.724 ;
; y[4]       ; result[7]   ; 6.665 ; 6.635 ; 7.039 ; 7.009 ;
; y[5]       ; carry_out   ; 7.551 ; 7.614 ; 7.912 ; 7.970 ;
; y[5]       ; result[5]   ; 5.783 ;       ;       ; 6.095 ;
; y[5]       ; result[6]   ; 6.101 ; 6.086 ; 6.462 ; 6.412 ;
; y[5]       ; result[7]   ; 6.373 ; 6.343 ; 6.734 ; 6.699 ;
; y[6]       ; carry_out   ; 7.611 ; 7.672 ; 7.929 ; 7.992 ;
; y[6]       ; result[6]   ; 6.162 ;       ;       ; 6.461 ;
; y[6]       ; result[7]   ; 6.433 ; 6.401 ; 6.751 ; 6.747 ;
; y[7]       ; carry_out   ; 7.014 ; 7.104 ; 7.381 ; 7.459 ;
; y[7]       ; result[7]   ; 5.837 ;       ;       ; 6.168 ;
+------------+-------------+-------+-------+-------+-------+


---------------------------------------------
; Slow 1200mV 0C Model Metastability Report ;
---------------------------------------------
No synchronizer chains to report.


--------------------------------------
; Fast 1200mV 0C Model Setup Summary ;
--------------------------------------
No paths to report.


-------------------------------------
; Fast 1200mV 0C Model Hold Summary ;
-------------------------------------
No paths to report.


-----------------------------------------
; Fast 1200mV 0C Model Recovery Summary ;
-----------------------------------------
No paths to report.


----------------------------------------
; Fast 1200mV 0C Model Removal Summary ;
----------------------------------------
No paths to report.


----------------------------------------------------
; Fast 1200mV 0C Model Minimum Pulse Width Summary ;
----------------------------------------------------
No paths to report.


+----------------------------------------------------------+
; Propagation Delay                                        ;
+------------+-------------+-------+-------+-------+-------+
; Input Port ; Output Port ; RR    ; RF    ; FR    ; FF    ;
+------------+-------------+-------+-------+-------+-------+
; carry_in   ; carry_out   ; 6.138 ; 6.237 ; 6.731 ; 6.830 ;
; carry_in   ; result[0]   ; 3.965 ;       ;       ; 4.629 ;
; carry_in   ; result[1]   ; 4.361 ; 4.474 ; 4.982 ; 5.055 ;
; carry_in   ; result[2]   ; 4.440 ; 4.501 ; 5.026 ; 5.094 ;
; carry_in   ; result[3]   ; 4.556 ; 4.639 ; 5.149 ; 5.232 ;
; carry_in   ; result[4]   ; 4.563 ; 4.621 ; 5.156 ; 5.214 ;
; carry_in   ; result[5]   ; 4.863 ; 4.944 ; 5.456 ; 5.537 ;
; carry_in   ; result[6]   ; 5.079 ; 5.155 ; 5.672 ; 5.748 ;
; carry_in   ; result[7]   ; 5.261 ; 5.329 ; 5.854 ; 5.922 ;
; x[0]       ; carry_out   ; 5.896 ; 5.995 ; 6.485 ; 6.584 ;
; x[0]       ; result[0]   ; 3.745 ;       ;       ; 4.380 ;
; x[0]       ; result[1]   ; 4.134 ; 4.232 ; 4.730 ; 4.821 ;
; x[0]       ; result[2]   ; 4.198 ; 4.259 ; 4.787 ; 4.848 ;
; x[0]       ; result[3]   ; 4.314 ; 4.397 ; 4.903 ; 4.986 ;
; x[0]       ; result[4]   ; 4.321 ; 4.379 ; 4.910 ; 4.968 ;
; x[0]       ; result[5]   ; 4.621 ; 4.702 ; 5.210 ; 5.291 ;
; x[0]       ; result[6]   ; 4.837 ; 4.913 ; 5.426 ; 5.502 ;
; x[0]       ; result[7]   ; 5.019 ; 5.087 ; 5.608 ; 5.676 ;
; x[1]       ; carry_out   ; 4.415 ; 4.514 ; 4.775 ; 4.874 ;
; x[1]       ; result[1]   ; 2.672 ;       ;       ; 3.114 ;
; x[1]       ; result[2]   ; 2.713 ; 2.778 ; 3.055 ; 3.138 ;
; x[1]       ; result[3]   ; 2.833 ; 2.916 ; 3.193 ; 3.276 ;
; x[1]       ; result[4]   ; 2.840 ; 2.898 ; 3.200 ; 3.258 ;
; x[1]       ; result[5]   ; 3.140 ; 3.221 ; 3.500 ; 3.581 ;
; x[1]       ; result[6]   ; 3.356 ; 3.432 ; 3.716 ; 3.792 ;
; x[1]       ; result[7]   ; 3.538 ; 3.606 ; 3.898 ; 3.966 ;
; x[2]       ; carry_out   ; 5.404 ; 5.503 ; 5.955 ; 6.054 ;
; x[2]       ; result[2]   ; 3.695 ;       ;       ; 4.304 ;
; x[2]       ; result[3]   ; 3.804 ; 3.905 ; 4.368 ; 4.456 ;
; x[2]       ; result[4]   ; 3.829 ; 3.887 ; 4.380 ; 4.438 ;
; x[2]       ; result[5]   ; 4.129 ; 4.210 ; 4.680 ; 4.761 ;
; x[2]       ; result[6]   ; 4.345 ; 4.421 ; 4.896 ; 4.972 ;
; x[2]       ; result[7]   ; 4.527 ; 4.595 ; 5.078 ; 5.146 ;
; x[3]       ; carry_out   ; 5.528 ; 5.627 ; 6.137 ; 6.236 ;
; x[3]       ; result[3]   ; 3.932 ;       ;       ; 4.623 ;
; x[3]       ; result[4]   ; 3.935 ; 4.011 ; 4.557 ; 4.620 ;
; x[3]       ; result[5]   ; 4.253 ; 4.334 ; 4.862 ; 4.943 ;
; x[3]       ; result[6]   ; 4.469 ; 4.545 ; 5.078 ; 5.154 ;
; x[3]       ; result[7]   ; 4.651 ; 4.719 ; 5.260 ; 5.328 ;
; x[4]       ; carry_out   ; 5.412 ; 5.511 ; 5.996 ; 6.095 ;
; x[4]       ; result[4]   ; 3.825 ;       ;       ; 4.485 ;
; x[4]       ; result[5]   ; 4.115 ; 4.218 ; 4.728 ; 4.791 ;
; x[4]       ; result[6]   ; 4.353 ; 4.429 ; 4.930 ; 5.013 ;
; x[4]       ; result[7]   ; 4.535 ; 4.603 ; 5.119 ; 5.187 ;
; x[5]       ; carry_out   ; 4.958 ; 5.057 ; 5.529 ; 5.628 ;
; x[5]       ; result[5]   ; 3.693 ;       ;       ; 4.336 ;
; x[5]       ; result[6]   ; 3.895 ; 3.975 ; 4.448 ; 4.546 ;
; x[5]       ; result[7]   ; 4.081 ; 4.149 ; 4.652 ; 4.720 ;
; x[6]       ; carry_out   ; 4.841 ; 4.940 ; 5.403 ; 5.502 ;
; x[6]       ; result[6]   ; 3.771 ;       ;       ; 4.408 ;
; x[6]       ; result[7]   ; 3.946 ; 4.032 ; 4.521 ; 4.594 ;
; x[7]       ; carry_out   ; 4.857 ; 4.977 ; 5.475 ; 5.563 ;
; x[7]       ; result[7]   ; 3.982 ;       ;       ; 4.662 ;
; y[0]       ; carry_out   ; 6.164 ; 6.263 ; 6.755 ; 6.854 ;
; y[0]       ; result[0]   ; 3.992 ;       ;       ; 4.657 ;
; y[0]       ; result[1]   ; 4.388 ; 4.500 ; 5.006 ; 5.086 ;
; y[0]       ; result[2]   ; 4.466 ; 4.527 ; 5.052 ; 5.118 ;
; y[0]       ; result[3]   ; 4.582 ; 4.665 ; 5.173 ; 5.256 ;
; y[0]       ; result[4]   ; 4.589 ; 4.647 ; 5.180 ; 5.238 ;
; y[0]       ; result[5]   ; 4.889 ; 4.970 ; 5.480 ; 5.561 ;
; y[0]       ; result[6]   ; 5.105 ; 5.181 ; 5.696 ; 5.772 ;
; y[0]       ; result[7]   ; 5.287 ; 5.355 ; 5.878 ; 5.946 ;
; y[1]       ; carry_out   ; 4.546 ; 4.645 ; 4.884 ; 4.983 ;
; y[1]       ; result[1]   ; 2.780 ;       ;       ; 3.209 ;
; y[1]       ; result[2]   ; 2.831 ; 2.909 ; 3.178 ; 3.247 ;
; y[1]       ; result[3]   ; 2.964 ; 3.047 ; 3.302 ; 3.385 ;
; y[1]       ; result[4]   ; 2.971 ; 3.029 ; 3.309 ; 3.367 ;
; y[1]       ; result[5]   ; 3.271 ; 3.352 ; 3.609 ; 3.690 ;
; y[1]       ; result[6]   ; 3.487 ; 3.563 ; 3.825 ; 3.901 ;
; y[1]       ; result[7]   ; 3.669 ; 3.737 ; 4.007 ; 4.075 ;
; y[2]       ; carry_out   ; 5.477 ; 5.576 ; 6.041 ; 6.140 ;
; y[2]       ; result[2]   ; 3.791 ;       ;       ; 4.405 ;
; y[2]       ; result[3]   ; 3.891 ; 3.978 ; 4.437 ; 4.542 ;
; y[2]       ; result[4]   ; 3.902 ; 3.960 ; 4.466 ; 4.524 ;
; y[2]       ; result[5]   ; 4.202 ; 4.283 ; 4.766 ; 4.847 ;
; y[2]       ; result[6]   ; 4.418 ; 4.494 ; 4.982 ; 5.058 ;
; y[2]       ; result[7]   ; 4.600 ; 4.668 ; 5.164 ; 5.232 ;
; y[3]       ; carry_out   ; 5.293 ; 5.392 ; 5.878 ; 5.977 ;
; y[3]       ; result[3]   ; 3.717 ;       ;       ; 4.377 ;
; y[3]       ; result[4]   ; 3.714 ; 3.776 ; 4.281 ; 4.361 ;
; y[3]       ; result[5]   ; 4.018 ; 4.099 ; 4.603 ; 4.684 ;
; y[3]       ; result[6]   ; 4.234 ; 4.310 ; 4.819 ; 4.895 ;
; y[3]       ; result[7]   ; 4.416 ; 4.484 ; 5.001 ; 5.069 ;
; y[4]       ; carry_out   ; 5.226 ; 5.325 ; 5.803 ; 5.902 ;
; y[4]       ; result[4]   ; 3.637 ;       ;       ; 4.293 ;
; y[4]       ; result[5]   ; 3.930 ; 4.032 ; 4.535 ; 4.605 ;
; y[4]       ; result[6]   ; 4.167 ; 4.243 ; 4.740 ; 4.820 ;
; y[4]       ; result[7]   ; 4.349 ; 4.417 ; 4.926 ; 4.994 ;
; y[5]       ; carry_out   ; 5.051 ; 5.150 ; 5.620 ; 5.719 ;
; y[5]       ; result[5]   ; 3.768 ;       ;       ; 4.418 ;
; y[5]       ; result[6]   ; 3.975 ; 4.068 ; 4.553 ; 4.637 ;
; y[5]       ; result[7]   ; 4.174 ; 4.242 ; 4.743 ; 4.811 ;
; y[6]       ; carry_out   ; 5.002 ; 5.101 ; 5.618 ; 5.717 ;
; y[6]       ; result[6]   ; 3.954 ;       ;       ; 4.634 ;
; y[6]       ; result[7]   ; 4.121 ; 4.193 ; 4.719 ; 4.809 ;
; y[7]       ; carry_out   ; 4.687 ; 4.808 ; 5.286 ; 5.367 ;
; y[7]       ; result[7]   ; 3.818 ;       ;       ; 4.475 ;
+------------+-------------+-------+-------+-------+-------+


+----------------------------------------------------------+
; Minimum Propagation Delay                                ;
+------------+-------------+-------+-------+-------+-------+
; Input Port ; Output Port ; RR    ; RF    ; FR    ; FF    ;
+------------+-------------+-------+-------+-------+-------+
; carry_in   ; carry_out   ; 5.841 ; 5.947 ; 6.439 ; 6.545 ;
; carry_in   ; result[0]   ; 3.858 ;       ;       ; 4.508 ;
; carry_in   ; result[1]   ; 4.210 ; 4.315 ; 4.808 ; 4.912 ;
; carry_in   ; result[2]   ; 4.254 ; 4.322 ; 4.852 ; 4.920 ;
; carry_in   ; result[3]   ; 4.352 ; 4.440 ; 4.950 ; 5.038 ;
; carry_in   ; result[4]   ; 4.347 ; 4.413 ; 4.945 ; 5.011 ;
; carry_in   ; result[5]   ; 4.621 ; 4.710 ; 5.219 ; 5.308 ;
; carry_in   ; result[6]   ; 4.815 ; 4.897 ; 5.413 ; 5.495 ;
; carry_in   ; result[7]   ; 4.976 ; 5.050 ; 5.574 ; 5.648 ;
; x[0]       ; carry_out   ; 5.660 ; 5.766 ; 6.247 ; 6.353 ;
; x[0]       ; result[0]   ; 3.656 ;       ;       ; 4.283 ;
; x[0]       ; result[1]   ; 4.029 ; 4.126 ; 4.616 ; 4.706 ;
; x[0]       ; result[2]   ; 4.073 ; 4.141 ; 4.660 ; 4.728 ;
; x[0]       ; result[3]   ; 4.171 ; 4.259 ; 4.758 ; 4.846 ;
; x[0]       ; result[4]   ; 4.166 ; 4.232 ; 4.753 ; 4.819 ;
; x[0]       ; result[5]   ; 4.440 ; 4.529 ; 5.027 ; 5.116 ;
; x[0]       ; result[6]   ; 4.634 ; 4.716 ; 5.221 ; 5.303 ;
; x[0]       ; result[7]   ; 4.795 ; 4.869 ; 5.382 ; 5.456 ;
; x[1]       ; carry_out   ; 4.258 ; 4.364 ; 4.600 ; 4.706 ;
; x[1]       ; result[1]   ; 2.630 ;       ;       ; 3.070 ;
; x[1]       ; result[2]   ; 2.671 ; 2.734 ; 3.013 ; 3.096 ;
; x[1]       ; result[3]   ; 2.769 ; 2.857 ; 3.111 ; 3.199 ;
; x[1]       ; result[4]   ; 2.764 ; 2.830 ; 3.106 ; 3.172 ;
; x[1]       ; result[5]   ; 3.038 ; 3.127 ; 3.380 ; 3.469 ;
; x[1]       ; result[6]   ; 3.232 ; 3.314 ; 3.574 ; 3.656 ;
; x[1]       ; result[7]   ; 3.393 ; 3.467 ; 3.735 ; 3.809 ;
; x[2]       ; carry_out   ; 5.168 ; 5.274 ; 5.718 ; 5.824 ;
; x[2]       ; result[2]   ; 3.601 ;       ;       ; 4.194 ;
; x[2]       ; result[3]   ; 3.679 ; 3.774 ; 4.229 ; 4.307 ;
; x[2]       ; result[4]   ; 3.674 ; 3.740 ; 4.224 ; 4.290 ;
; x[2]       ; result[5]   ; 3.948 ; 4.037 ; 4.498 ; 4.587 ;
; x[2]       ; result[6]   ; 4.142 ; 4.224 ; 4.692 ; 4.774 ;
; x[2]       ; result[7]   ; 4.303 ; 4.377 ; 4.853 ; 4.927 ;
; x[3]       ; carry_out   ; 5.301 ; 5.407 ; 5.905 ; 6.011 ;
; x[3]       ; result[3]   ; 3.833 ;       ;       ; 4.501 ;
; x[3]       ; result[4]   ; 3.807 ; 3.880 ; 4.411 ; 4.467 ;
; x[3]       ; result[5]   ; 4.081 ; 4.170 ; 4.685 ; 4.774 ;
; x[3]       ; result[6]   ; 4.275 ; 4.357 ; 4.879 ; 4.961 ;
; x[3]       ; result[7]   ; 4.436 ; 4.510 ; 5.040 ; 5.114 ;
; x[4]       ; carry_out   ; 5.197 ; 5.303 ; 5.787 ; 5.893 ;
; x[4]       ; result[4]   ; 3.726 ;       ;       ; 4.372 ;
; x[4]       ; result[5]   ; 3.977 ; 4.074 ; 4.567 ; 4.663 ;
; x[4]       ; result[6]   ; 4.171 ; 4.253 ; 4.761 ; 4.843 ;
; x[4]       ; result[7]   ; 4.332 ; 4.406 ; 4.922 ; 4.996 ;
; x[5]       ; carry_out   ; 4.825 ; 4.931 ; 5.371 ; 5.477 ;
; x[5]       ; result[5]   ; 3.605 ;       ;       ; 4.242 ;
; x[5]       ; result[6]   ; 3.799 ; 3.876 ; 4.345 ; 4.442 ;
; x[5]       ; result[7]   ; 3.960 ; 4.034 ; 4.506 ; 4.580 ;
; x[6]       ; carry_out   ; 4.681 ; 4.787 ; 5.241 ; 5.347 ;
; x[6]       ; result[6]   ; 3.675 ;       ;       ; 4.295 ;
; x[6]       ; result[7]   ; 3.816 ; 3.897 ; 4.376 ; 4.440 ;
; x[7]       ; carry_out   ; 4.724 ; 4.836 ; 5.327 ; 5.437 ;
; x[7]       ; result[7]   ; 3.878 ;       ;       ; 4.545 ;
; y[0]       ; carry_out   ; 5.865 ; 5.971 ; 6.469 ; 6.575 ;
; y[0]       ; result[0]   ; 3.863 ;       ;       ; 4.502 ;
; y[0]       ; result[1]   ; 4.234 ; 4.337 ; 4.838 ; 4.939 ;
; y[0]       ; result[2]   ; 4.278 ; 4.346 ; 4.882 ; 4.950 ;
; y[0]       ; result[3]   ; 4.376 ; 4.464 ; 4.980 ; 5.068 ;
; y[0]       ; result[4]   ; 4.371 ; 4.437 ; 4.975 ; 5.041 ;
; y[0]       ; result[5]   ; 4.645 ; 4.734 ; 5.249 ; 5.338 ;
; y[0]       ; result[6]   ; 4.839 ; 4.921 ; 5.443 ; 5.525 ;
; y[0]       ; result[7]   ; 5.000 ; 5.074 ; 5.604 ; 5.678 ;
; y[1]       ; carry_out   ; 4.337 ; 4.443 ; 4.685 ; 4.791 ;
; y[1]       ; result[1]   ; 2.705 ;       ;       ; 3.127 ;
; y[1]       ; result[2]   ; 2.750 ; 2.825 ; 3.098 ; 3.155 ;
; y[1]       ; result[3]   ; 2.848 ; 2.936 ; 3.196 ; 3.284 ;
; y[1]       ; result[4]   ; 2.843 ; 2.909 ; 3.191 ; 3.257 ;
; y[1]       ; result[5]   ; 3.117 ; 3.206 ; 3.465 ; 3.554 ;
; y[1]       ; result[6]   ; 3.311 ; 3.393 ; 3.659 ; 3.741 ;
; y[1]       ; result[7]   ; 3.472 ; 3.546 ; 3.820 ; 3.894 ;
; y[2]       ; carry_out   ; 5.285 ; 5.391 ; 5.825 ; 5.931 ;
; y[2]       ; result[2]   ; 3.699 ;       ;       ; 4.307 ;
; y[2]       ; result[3]   ; 3.796 ; 3.879 ; 4.336 ; 4.439 ;
; y[2]       ; result[4]   ; 3.791 ; 3.857 ; 4.331 ; 4.397 ;
; y[2]       ; result[5]   ; 4.065 ; 4.154 ; 4.605 ; 4.694 ;
; y[2]       ; result[6]   ; 4.259 ; 4.341 ; 4.799 ; 4.881 ;
; y[2]       ; result[7]   ; 4.420 ; 4.494 ; 4.960 ; 5.034 ;
; y[3]       ; carry_out   ; 5.120 ; 5.226 ; 5.680 ; 5.786 ;
; y[3]       ; result[3]   ; 3.630 ;       ;       ; 4.280 ;
; y[3]       ; result[4]   ; 3.626 ; 3.687 ; 4.186 ; 4.267 ;
; y[3]       ; result[5]   ; 3.900 ; 3.989 ; 4.460 ; 4.549 ;
; y[3]       ; result[6]   ; 4.094 ; 4.176 ; 4.654 ; 4.736 ;
; y[3]       ; result[7]   ; 4.255 ; 4.329 ; 4.815 ; 4.889 ;
; y[4]       ; carry_out   ; 5.017 ; 5.123 ; 5.608 ; 5.714 ;
; y[4]       ; result[4]   ; 3.524 ;       ;       ; 4.155 ;
; y[4]       ; result[5]   ; 3.797 ; 3.892 ; 4.388 ; 4.481 ;
; y[4]       ; result[6]   ; 3.991 ; 4.073 ; 4.582 ; 4.664 ;
; y[4]       ; result[7]   ; 4.152 ; 4.226 ; 4.743 ; 4.817 ;
; y[5]       ; carry_out   ; 4.868 ; 4.974 ; 5.440 ; 5.546 ;
; y[5]       ; result[5]   ; 3.649 ;       ;       ; 4.286 ;
; y[5]       ; result[6]   ; 3.842 ; 3.931 ; 4.414 ; 4.485 ;
; y[5]       ; result[7]   ; 4.003 ; 4.077 ; 4.575 ; 4.649 ;
; y[6]       ; carry_out   ; 4.881 ; 4.987 ; 5.471 ; 5.577 ;
; y[6]       ; result[6]   ; 3.856 ;       ;       ; 4.527 ;
; y[6]       ; result[7]   ; 4.016 ; 4.085 ; 4.606 ; 4.695 ;
; y[7]       ; carry_out   ; 4.561 ; 4.675 ; 5.137 ; 5.250 ;
; y[7]       ; result[7]   ; 3.698 ;       ;       ; 4.325 ;
+------------+-------------+-------+-------+-------+-------+


---------------------------------------------
; Fast 1200mV 0C Model Metastability Report ;
---------------------------------------------
No synchronizer chains to report.


+----------------------------------------------------------------------------+
; Multicorner Timing Analysis Summary                                        ;
+------------------+-------+------+----------+---------+---------------------+
; Clock            ; Setup ; Hold ; Recovery ; Removal ; Minimum Pulse Width ;
+------------------+-------+------+----------+---------+---------------------+
; Worst-case Slack ; N/A   ; N/A  ; N/A      ; N/A     ; N/A                 ;
; Design-wide TNS  ; 0.0   ; 0.0  ; 0.0      ; 0.0     ; 0.0                 ;
+------------------+-------+------+----------+---------+---------------------+


+--------------------------------------------------------------+
; Propagation Delay                                            ;
+------------+-------------+--------+--------+--------+--------+
; Input Port ; Output Port ; RR     ; RF     ; FR     ; FF     ;
+------------+-------------+--------+--------+--------+--------+
; carry_in   ; carry_out   ; 10.309 ; 10.371 ; 10.708 ; 10.770 ;
; carry_in   ; result[0]   ; 6.736  ;        ;        ; 7.197  ;
; carry_in   ; result[1]   ; 7.448  ; 7.491  ; 7.891  ; 7.877  ;
; carry_in   ; result[2]   ; 7.646  ; 7.629  ; 8.036  ; 8.028  ;
; carry_in   ; result[3]   ; 7.859  ; 7.848  ; 8.258  ; 8.247  ;
; carry_in   ; result[4]   ; 7.876  ; 7.860  ; 8.275  ; 8.259  ;
; carry_in   ; result[5]   ; 8.432  ; 8.407  ; 8.831  ; 8.806  ;
; carry_in   ; result[6]   ; 8.805  ; 8.779  ; 9.204  ; 9.178  ;
; carry_in   ; result[7]   ; 9.124  ; 9.099  ; 9.523  ; 9.498  ;
; x[0]       ; carry_out   ; 9.866  ; 9.928  ; 10.309 ; 10.371 ;
; x[0]       ; result[0]   ; 6.341  ;        ;        ; 6.792  ;
; x[0]       ; result[1]   ; 7.040  ; 7.048  ; 7.492  ; 7.491  ;
; x[0]       ; result[2]   ; 7.203  ; 7.186  ; 7.646  ; 7.629  ;
; x[0]       ; result[3]   ; 7.416  ; 7.405  ; 7.859  ; 7.848  ;
; x[0]       ; result[4]   ; 7.433  ; 7.417  ; 7.876  ; 7.860  ;
; x[0]       ; result[5]   ; 7.989  ; 7.964  ; 8.432  ; 8.407  ;
; x[0]       ; result[6]   ; 8.362  ; 8.336  ; 8.805  ; 8.779  ;
; x[0]       ; result[7]   ; 8.681  ; 8.656  ; 9.124  ; 9.099  ;
; x[1]       ; carry_out   ; 7.281  ; 7.343  ; 7.462  ; 7.524  ;
; x[1]       ; result[1]   ; 4.468  ;        ;        ; 4.648  ;
; x[1]       ; result[2]   ; 4.611  ; 4.601  ; 4.760  ; 4.782  ;
; x[1]       ; result[3]   ; 4.831  ; 4.820  ; 5.012  ; 5.001  ;
; x[1]       ; result[4]   ; 4.848  ; 4.832  ; 5.029  ; 5.013  ;
; x[1]       ; result[5]   ; 5.404  ; 5.379  ; 5.585  ; 5.560  ;
; x[1]       ; result[6]   ; 5.777  ; 5.751  ; 5.958  ; 5.932  ;
; x[1]       ; result[7]   ; 6.096  ; 6.071  ; 6.277  ; 6.252  ;
; x[2]       ; carry_out   ; 9.007  ; 9.069  ; 9.430  ; 9.492  ;
; x[2]       ; result[2]   ; 6.308  ;        ;        ; 6.725  ;
; x[2]       ; result[3]   ; 6.521  ; 6.547  ; 6.958  ; 6.970  ;
; x[2]       ; result[4]   ; 6.575  ; 6.558  ; 6.998  ; 6.981  ;
; x[2]       ; result[5]   ; 7.130  ; 7.105  ; 7.553  ; 7.528  ;
; x[2]       ; result[6]   ; 7.503  ; 7.477  ; 7.926  ; 7.900  ;
; x[2]       ; result[7]   ; 7.822  ; 7.797  ; 8.245  ; 8.220  ;
; x[3]       ; carry_out   ; 9.200  ; 9.262  ; 9.641  ; 9.703  ;
; x[3]       ; result[3]   ; 6.711  ;        ;        ; 7.155  ;
; x[3]       ; result[4]   ; 6.731  ; 6.751  ; 7.186  ; 7.192  ;
; x[3]       ; result[5]   ; 7.323  ; 7.298  ; 7.764  ; 7.739  ;
; x[3]       ; result[6]   ; 7.696  ; 7.670  ; 8.137  ; 8.111  ;
; x[3]       ; result[7]   ; 8.015  ; 7.990  ; 8.456  ; 8.431  ;
; x[4]       ; carry_out   ; 8.958  ; 9.020  ; 9.414  ; 9.476  ;
; x[4]       ; result[4]   ; 6.481  ;        ;        ; 6.975  ;
; x[4]       ; result[5]   ; 7.037  ; 7.056  ; 7.538  ; 7.500  ;
; x[4]       ; result[6]   ; 7.454  ; 7.428  ; 7.901  ; 7.884  ;
; x[4]       ; result[7]   ; 7.773  ; 7.748  ; 8.229  ; 8.204  ;
; x[5]       ; carry_out   ; 8.167  ; 8.229  ; 8.625  ; 8.687  ;
; x[5]       ; result[5]   ; 6.291  ;        ;        ; 6.722  ;
; x[5]       ; result[6]   ; 6.656  ; 6.637  ; 7.082  ; 7.095  ;
; x[5]       ; result[7]   ; 6.982  ; 6.957  ; 7.440  ; 7.415  ;
; x[6]       ; carry_out   ; 7.977  ; 8.038  ; 8.391  ; 8.452  ;
; x[6]       ; result[6]   ; 6.434  ;        ;        ; 6.838  ;
; x[6]       ; result[7]   ; 6.755  ; 6.767  ; 7.183  ; 7.181  ;
; x[7]       ; carry_out   ; 7.965  ; 8.067  ; 8.446  ; 8.504  ;
; x[7]       ; result[7]   ; 6.771  ;        ;        ; 7.247  ;
; y[0]       ; carry_out   ; 10.338 ; 10.400 ; 10.734 ; 10.796 ;
; y[0]       ; result[0]   ; 6.765  ;        ;        ; 7.233  ;
; y[0]       ; result[1]   ; 7.480  ; 7.520  ; 7.917  ; 7.913  ;
; y[0]       ; result[2]   ; 7.675  ; 7.658  ; 8.068  ; 8.054  ;
; y[0]       ; result[3]   ; 7.888  ; 7.877  ; 8.284  ; 8.273  ;
; y[0]       ; result[4]   ; 7.905  ; 7.889  ; 8.301  ; 8.285  ;
; y[0]       ; result[5]   ; 8.461  ; 8.436  ; 8.857  ; 8.832  ;
; y[0]       ; result[6]   ; 8.834  ; 8.808  ; 9.230  ; 9.204  ;
; y[0]       ; result[7]   ; 9.153  ; 9.128  ; 9.549  ; 9.524  ;
; y[1]       ; carry_out   ; 7.496  ; 7.558  ; 7.668  ; 7.730  ;
; y[1]       ; result[1]   ; 4.642  ;        ;        ; 4.831  ;
; y[1]       ; result[2]   ; 4.800  ; 4.816  ; 4.975  ; 4.988  ;
; y[1]       ; result[3]   ; 5.046  ; 5.035  ; 5.218  ; 5.207  ;
; y[1]       ; result[4]   ; 5.063  ; 5.047  ; 5.235  ; 5.219  ;
; y[1]       ; result[5]   ; 5.619  ; 5.594  ; 5.791  ; 5.766  ;
; y[1]       ; result[6]   ; 5.992  ; 5.966  ; 6.164  ; 6.138  ;
; y[1]       ; result[7]   ; 6.311  ; 6.286  ; 6.483  ; 6.458  ;
; y[2]       ; carry_out   ; 9.140  ; 9.202  ; 9.558  ; 9.620  ;
; y[2]       ; result[2]   ; 6.484  ;        ;        ; 6.880  ;
; y[2]       ; result[3]   ; 6.684  ; 6.680  ; 7.070  ; 7.098  ;
; y[2]       ; result[4]   ; 6.708  ; 6.691  ; 7.126  ; 7.109  ;
; y[2]       ; result[5]   ; 7.263  ; 7.238  ; 7.681  ; 7.656  ;
; y[2]       ; result[6]   ; 7.636  ; 7.610  ; 8.054  ; 8.028  ;
; y[2]       ; result[7]   ; 7.955  ; 7.930  ; 8.373  ; 8.348  ;
; y[3]       ; carry_out   ; 8.822  ; 8.884  ; 9.272  ; 9.334  ;
; y[3]       ; result[3]   ; 6.373  ;        ;        ; 6.812  ;
; y[3]       ; result[4]   ; 6.383  ; 6.373  ; 6.801  ; 6.823  ;
; y[3]       ; result[5]   ; 6.945  ; 6.920  ; 7.395  ; 7.370  ;
; y[3]       ; result[6]   ; 7.318  ; 7.292  ; 7.768  ; 7.742  ;
; y[3]       ; result[7]   ; 7.637  ; 7.612  ; 8.087  ; 8.062  ;
; y[4]       ; carry_out   ; 8.705  ; 8.767  ; 9.122  ; 9.184  ;
; y[4]       ; result[4]   ; 6.226  ;        ;        ; 6.689  ;
; y[4]       ; result[5]   ; 6.787  ; 6.803  ; 7.246  ; 7.218  ;
; y[4]       ; result[6]   ; 7.201  ; 7.175  ; 7.616  ; 7.592  ;
; y[4]       ; result[7]   ; 7.520  ; 7.495  ; 7.937  ; 7.912  ;
; y[5]       ; carry_out   ; 8.351  ; 8.413  ; 8.767  ; 8.829  ;
; y[5]       ; result[5]   ; 6.438  ;        ;        ; 6.848  ;
; y[5]       ; result[6]   ; 6.814  ; 6.821  ; 7.233  ; 7.237  ;
; y[5]       ; result[7]   ; 7.166  ; 7.141  ; 7.582  ; 7.557  ;
; y[6]       ; carry_out   ; 8.311  ; 8.372  ; 8.745  ; 8.806  ;
; y[6]       ; result[6]   ; 6.810  ;        ;        ; 7.216  ;
; y[6]       ; result[7]   ; 7.119  ; 7.101  ; 7.521  ; 7.535  ;
; y[7]       ; carry_out   ; 7.688  ; 7.793  ; 8.153  ; 8.201  ;
; y[7]       ; result[7]   ; 6.500  ;        ;        ; 6.951  ;
+------------+-------------+--------+--------+--------+--------+


+----------------------------------------------------------+
; Minimum Propagation Delay                                ;
+------------+-------------+-------+-------+-------+-------+
; Input Port ; Output Port ; RR    ; RF    ; FR    ; FF    ;
+------------+-------------+-------+-------+-------+-------+
; carry_in   ; carry_out   ; 5.841 ; 5.947 ; 6.439 ; 6.545 ;
; carry_in   ; result[0]   ; 3.858 ;       ;       ; 4.508 ;
; carry_in   ; result[1]   ; 4.210 ; 4.315 ; 4.808 ; 4.912 ;
; carry_in   ; result[2]   ; 4.254 ; 4.322 ; 4.852 ; 4.920 ;
; carry_in   ; result[3]   ; 4.352 ; 4.440 ; 4.950 ; 5.038 ;
; carry_in   ; result[4]   ; 4.347 ; 4.413 ; 4.945 ; 5.011 ;
; carry_in   ; result[5]   ; 4.621 ; 4.710 ; 5.219 ; 5.308 ;
; carry_in   ; result[6]   ; 4.815 ; 4.897 ; 5.413 ; 5.495 ;
; carry_in   ; result[7]   ; 4.976 ; 5.050 ; 5.574 ; 5.648 ;
; x[0]       ; carry_out   ; 5.660 ; 5.766 ; 6.247 ; 6.353 ;
; x[0]       ; result[0]   ; 3.656 ;       ;       ; 4.283 ;
; x[0]       ; result[1]   ; 4.029 ; 4.126 ; 4.616 ; 4.706 ;
; x[0]       ; result[2]   ; 4.073 ; 4.141 ; 4.660 ; 4.728 ;
; x[0]       ; result[3]   ; 4.171 ; 4.259 ; 4.758 ; 4.846 ;
; x[0]       ; result[4]   ; 4.166 ; 4.232 ; 4.753 ; 4.819 ;
; x[0]       ; result[5]   ; 4.440 ; 4.529 ; 5.027 ; 5.116 ;
; x[0]       ; result[6]   ; 4.634 ; 4.716 ; 5.221 ; 5.303 ;
; x[0]       ; result[7]   ; 4.795 ; 4.869 ; 5.382 ; 5.456 ;
; x[1]       ; carry_out   ; 4.258 ; 4.364 ; 4.600 ; 4.706 ;
; x[1]       ; result[1]   ; 2.630 ;       ;       ; 3.070 ;
; x[1]       ; result[2]   ; 2.671 ; 2.734 ; 3.013 ; 3.096 ;
; x[1]       ; result[3]   ; 2.769 ; 2.857 ; 3.111 ; 3.199 ;
; x[1]       ; result[4]   ; 2.764 ; 2.830 ; 3.106 ; 3.172 ;
; x[1]       ; result[5]   ; 3.038 ; 3.127 ; 3.380 ; 3.469 ;
; x[1]       ; result[6]   ; 3.232 ; 3.314 ; 3.574 ; 3.656 ;
; x[1]       ; result[7]   ; 3.393 ; 3.467 ; 3.735 ; 3.809 ;
; x[2]       ; carry_out   ; 5.168 ; 5.274 ; 5.718 ; 5.824 ;
; x[2]       ; result[2]   ; 3.601 ;       ;       ; 4.194 ;
; x[2]       ; result[3]   ; 3.679 ; 3.774 ; 4.229 ; 4.307 ;
; x[2]       ; result[4]   ; 3.674 ; 3.740 ; 4.224 ; 4.290 ;
; x[2]       ; result[5]   ; 3.948 ; 4.037 ; 4.498 ; 4.587 ;
; x[2]       ; result[6]   ; 4.142 ; 4.224 ; 4.692 ; 4.774 ;
; x[2]       ; result[7]   ; 4.303 ; 4.377 ; 4.853 ; 4.927 ;
; x[3]       ; carry_out   ; 5.301 ; 5.407 ; 5.905 ; 6.011 ;
; x[3]       ; result[3]   ; 3.833 ;       ;       ; 4.501 ;
; x[3]       ; result[4]   ; 3.807 ; 3.880 ; 4.411 ; 4.467 ;
; x[3]       ; result[5]   ; 4.081 ; 4.170 ; 4.685 ; 4.774 ;
; x[3]       ; result[6]   ; 4.275 ; 4.357 ; 4.879 ; 4.961 ;
; x[3]       ; result[7]   ; 4.436 ; 4.510 ; 5.040 ; 5.114 ;
; x[4]       ; carry_out   ; 5.197 ; 5.303 ; 5.787 ; 5.893 ;
; x[4]       ; result[4]   ; 3.726 ;       ;       ; 4.372 ;
; x[4]       ; result[5]   ; 3.977 ; 4.074 ; 4.567 ; 4.663 ;
; x[4]       ; result[6]   ; 4.171 ; 4.253 ; 4.761 ; 4.843 ;
; x[4]       ; result[7]   ; 4.332 ; 4.406 ; 4.922 ; 4.996 ;
; x[5]       ; carry_out   ; 4.825 ; 4.931 ; 5.371 ; 5.477 ;
; x[5]       ; result[5]   ; 3.605 ;       ;       ; 4.242 ;
; x[5]       ; result[6]   ; 3.799 ; 3.876 ; 4.345 ; 4.442 ;
; x[5]       ; result[7]   ; 3.960 ; 4.034 ; 4.506 ; 4.580 ;
; x[6]       ; carry_out   ; 4.681 ; 4.787 ; 5.241 ; 5.347 ;
; x[6]       ; result[6]   ; 3.675 ;       ;       ; 4.295 ;
; x[6]       ; result[7]   ; 3.816 ; 3.897 ; 4.376 ; 4.440 ;
; x[7]       ; carry_out   ; 4.724 ; 4.836 ; 5.327 ; 5.437 ;
; x[7]       ; result[7]   ; 3.878 ;       ;       ; 4.545 ;
; y[0]       ; carry_out   ; 5.865 ; 5.971 ; 6.469 ; 6.575 ;
; y[0]       ; result[0]   ; 3.863 ;       ;       ; 4.502 ;
; y[0]       ; result[1]   ; 4.234 ; 4.337 ; 4.838 ; 4.939 ;
; y[0]       ; result[2]   ; 4.278 ; 4.346 ; 4.882 ; 4.950 ;
; y[0]       ; result[3]   ; 4.376 ; 4.464 ; 4.980 ; 5.068 ;
; y[0]       ; result[4]   ; 4.371 ; 4.437 ; 4.975 ; 5.041 ;
; y[0]       ; result[5]   ; 4.645 ; 4.734 ; 5.249 ; 5.338 ;
; y[0]       ; result[6]   ; 4.839 ; 4.921 ; 5.443 ; 5.525 ;
; y[0]       ; result[7]   ; 5.000 ; 5.074 ; 5.604 ; 5.678 ;
; y[1]       ; carry_out   ; 4.337 ; 4.443 ; 4.685 ; 4.791 ;
; y[1]       ; result[1]   ; 2.705 ;       ;       ; 3.127 ;
; y[1]       ; result[2]   ; 2.750 ; 2.825 ; 3.098 ; 3.155 ;
; y[1]       ; result[3]   ; 2.848 ; 2.936 ; 3.196 ; 3.284 ;
; y[1]       ; result[4]   ; 2.843 ; 2.909 ; 3.191 ; 3.257 ;
; y[1]       ; result[5]   ; 3.117 ; 3.206 ; 3.465 ; 3.554 ;
; y[1]       ; result[6]   ; 3.311 ; 3.393 ; 3.659 ; 3.741 ;
; y[1]       ; result[7]   ; 3.472 ; 3.546 ; 3.820 ; 3.894 ;
; y[2]       ; carry_out   ; 5.285 ; 5.391 ; 5.825 ; 5.931 ;
; y[2]       ; result[2]   ; 3.699 ;       ;       ; 4.307 ;
; y[2]       ; result[3]   ; 3.796 ; 3.879 ; 4.336 ; 4.439 ;
; y[2]       ; result[4]   ; 3.791 ; 3.857 ; 4.331 ; 4.397 ;
; y[2]       ; result[5]   ; 4.065 ; 4.154 ; 4.605 ; 4.694 ;
; y[2]       ; result[6]   ; 4.259 ; 4.341 ; 4.799 ; 4.881 ;
; y[2]       ; result[7]   ; 4.420 ; 4.494 ; 4.960 ; 5.034 ;
; y[3]       ; carry_out   ; 5.120 ; 5.226 ; 5.680 ; 5.786 ;
; y[3]       ; result[3]   ; 3.630 ;       ;       ; 4.280 ;
; y[3]       ; result[4]   ; 3.626 ; 3.687 ; 4.186 ; 4.267 ;
; y[3]       ; result[5]   ; 3.900 ; 3.989 ; 4.460 ; 4.549 ;
; y[3]       ; result[6]   ; 4.094 ; 4.176 ; 4.654 ; 4.736 ;
; y[3]       ; result[7]   ; 4.255 ; 4.329 ; 4.815 ; 4.889 ;
; y[4]       ; carry_out   ; 5.017 ; 5.123 ; 5.608 ; 5.714 ;
; y[4]       ; result[4]   ; 3.524 ;       ;       ; 4.155 ;
; y[4]       ; result[5]   ; 3.797 ; 3.892 ; 4.388 ; 4.481 ;
; y[4]       ; result[6]   ; 3.991 ; 4.073 ; 4.582 ; 4.664 ;
; y[4]       ; result[7]   ; 4.152 ; 4.226 ; 4.743 ; 4.817 ;
; y[5]       ; carry_out   ; 4.868 ; 4.974 ; 5.440 ; 5.546 ;
; y[5]       ; result[5]   ; 3.649 ;       ;       ; 4.286 ;
; y[5]       ; result[6]   ; 3.842 ; 3.931 ; 4.414 ; 4.485 ;
; y[5]       ; result[7]   ; 4.003 ; 4.077 ; 4.575 ; 4.649 ;
; y[6]       ; carry_out   ; 4.881 ; 4.987 ; 5.471 ; 5.577 ;
; y[6]       ; result[6]   ; 3.856 ;       ;       ; 4.527 ;
; y[6]       ; result[7]   ; 4.016 ; 4.085 ; 4.606 ; 4.695 ;
; y[7]       ; carry_out   ; 4.561 ; 4.675 ; 5.137 ; 5.250 ;
; y[7]       ; result[7]   ; 3.698 ;       ;       ; 4.325 ;
+------------+-------------+-------+-------+-------+-------+


+------------------------------------------------------------------------------------------------------------------------------------------------------------------------------------------------------------------------------------------------------------------------------------------------------------------------------------------------------------------------------------------------------------------+
; Board Trace Model Assignments                                                                                                                                                                                                                                                                                                                                                                                    ;
+---------------+--------------+-------------------+-------------------------+-------------------------+---------------+---------------------+----------------+------------------+--------+------------------+------------------------+------------------------+--------------+---------------+-----------------+-------+---------------------+--------------------+---------------+-----------------+-------------+
; Pin           ; I/O Standard ; Near Tline Length ; Near Tline L per Length ; Near Tline C per Length ; Near Series R ; Near Differential R ; Near Pull-up R ; Near Pull-down R ; Near C ; Far Tline Length ; Far Tline L per Length ; Far Tline C per Length ; Far Series R ; Far Pull-up R ; Far Pull-down R ; Far C ; Termination Voltage ; Far Differential R ; EBD File Name ; EBD Signal Name ; EBD Far-end ;
+---------------+--------------+-------------------+-------------------------+-------------------------+---------------+---------------------+----------------+------------------+--------+------------------+------------------------+------------------------+--------------+---------------+-----------------+-------+---------------------+--------------------+---------------+-----------------+-------------+
; carry_out     ; 2.5 V        ; 0 in              ; 0 H/in                  ; 0 F/in                  ; short         ; -                   ; open           ; open             ; open   ; 0 in             ; 0 H/in                 ; 0 F/in                 ; short        ; open          ; open            ; open  ; 0 V                 ; -                  ; n/a           ; n/a             ; n/a         ;
; result[0]     ; 2.5 V        ; 0 in              ; 0 H/in                  ; 0 F/in                  ; short         ; -                   ; open           ; open             ; open   ; 0 in             ; 0 H/in                 ; 0 F/in                 ; short        ; open          ; open            ; open  ; 0 V                 ; -                  ; n/a           ; n/a             ; n/a         ;
; result[1]     ; 2.5 V        ; 0 in              ; 0 H/in                  ; 0 F/in                  ; short         ; -                   ; open           ; open             ; open   ; 0 in             ; 0 H/in                 ; 0 F/in                 ; short        ; open          ; open            ; open  ; 0 V                 ; -                  ; n/a           ; n/a             ; n/a         ;
; result[2]     ; 2.5 V        ; 0 in              ; 0 H/in                  ; 0 F/in                  ; short         ; -                   ; open           ; open             ; open   ; 0 in             ; 0 H/in                 ; 0 F/in                 ; short        ; open          ; open            ; open  ; 0 V                 ; -                  ; n/a           ; n/a             ; n/a         ;
; result[3]     ; 2.5 V        ; 0 in              ; 0 H/in                  ; 0 F/in                  ; short         ; -                   ; open           ; open             ; open   ; 0 in             ; 0 H/in                 ; 0 F/in                 ; short        ; open          ; open            ; open  ; 0 V                 ; -                  ; n/a           ; n/a             ; n/a         ;
; result[4]     ; 2.5 V        ; 0 in              ; 0 H/in                  ; 0 F/in                  ; short         ; -                   ; open           ; open             ; open   ; 0 in             ; 0 H/in                 ; 0 F/in                 ; short        ; open          ; open            ; open  ; 0 V                 ; -                  ; n/a           ; n/a             ; n/a         ;
; result[5]     ; 2.5 V        ; 0 in              ; 0 H/in                  ; 0 F/in                  ; short         ; -                   ; open           ; open             ; open   ; 0 in             ; 0 H/in                 ; 0 F/in                 ; short        ; open          ; open            ; open  ; 0 V                 ; -                  ; n/a           ; n/a             ; n/a         ;
; result[6]     ; 2.5 V        ; 0 in              ; 0 H/in                  ; 0 F/in                  ; short         ; -                   ; open           ; open             ; open   ; 0 in             ; 0 H/in                 ; 0 F/in                 ; short        ; open          ; open            ; open  ; 0 V                 ; -                  ; n/a           ; n/a             ; n/a         ;
; result[7]     ; 2.5 V        ; 0 in              ; 0 H/in                  ; 0 F/in                  ; short         ; -                   ; open           ; open             ; open   ; 0 in             ; 0 H/in                 ; 0 F/in                 ; short        ; open          ; open            ; open  ; 0 V                 ; -                  ; n/a           ; n/a             ; n/a         ;
; ~ALTERA_DCLK~ ; 2.5 V        ; 0 in              ; 0 H/in                  ; 0 F/in                  ; short         ; -                   ; open           ; open             ; open   ; 0 in             ; 0 H/in                 ; 0 F/in                 ; short        ; open          ; open            ; open  ; 0 V                 ; -                  ; n/a           ; n/a             ; n/a         ;
; ~ALTERA_nCEO~ ; 2.5 V        ; 0 in              ; 0 H/in                  ; 0 F/in                  ; short         ; -                   ; open           ; open             ; open   ; 0 in             ; 0 H/in                 ; 0 F/in                 ; short        ; open          ; open            ; open  ; 0 V                 ; -                  ; n/a           ; n/a             ; n/a         ;
+---------------+--------------+-------------------+-------------------------+-------------------------+---------------+---------------------+----------------+------------------+--------+------------------+------------------------+------------------------+--------------+---------------+-----------------+-------+---------------------+--------------------+---------------+-----------------+-------------+


+----------------------------------------------------------------------------+
; Input Transition Times                                                     ;
+-------------------------+--------------+-----------------+-----------------+
; Pin                     ; I/O Standard ; 10-90 Rise Time ; 90-10 Fall Time ;
+-------------------------+--------------+-----------------+-----------------+
; y[1]                    ; 2.5 V        ; 2000 ps         ; 2000 ps         ;
; x[1]                    ; 2.5 V        ; 2000 ps         ; 2000 ps         ;
; x[0]                    ; 2.5 V        ; 2000 ps         ; 2000 ps         ;
; y[0]                    ; 2.5 V        ; 2000 ps         ; 2000 ps         ;
; carry_in                ; 2.5 V        ; 2000 ps         ; 2000 ps         ;
; x[2]                    ; 2.5 V        ; 2000 ps         ; 2000 ps         ;
; y[2]                    ; 2.5 V        ; 2000 ps         ; 2000 ps         ;
; x[3]                    ; 2.5 V        ; 2000 ps         ; 2000 ps         ;
; y[3]                    ; 2.5 V        ; 2000 ps         ; 2000 ps         ;
; x[4]                    ; 2.5 V        ; 2000 ps         ; 2000 ps         ;
; y[4]                    ; 2.5 V        ; 2000 ps         ; 2000 ps         ;
; x[5]                    ; 2.5 V        ; 2000 ps         ; 2000 ps         ;
; y[5]                    ; 2.5 V        ; 2000 ps         ; 2000 ps         ;
; x[6]                    ; 2.5 V        ; 2000 ps         ; 2000 ps         ;
; y[6]                    ; 2.5 V        ; 2000 ps         ; 2000 ps         ;
; x[7]                    ; 2.5 V        ; 2000 ps         ; 2000 ps         ;
; y[7]                    ; 2.5 V        ; 2000 ps         ; 2000 ps         ;
; ~ALTERA_ASDO_DATA1~     ; 2.5 V        ; 2000 ps         ; 2000 ps         ;
; ~ALTERA_FLASH_nCE_nCSO~ ; 2.5 V        ; 2000 ps         ; 2000 ps         ;
; ~ALTERA_DATA0~          ; 2.5 V        ; 2000 ps         ; 2000 ps         ;
+-------------------------+--------------+-----------------+-----------------+


+--------------------------------------------------------------------------------------------------------------------------------------------------------------------------------------------------------------------------------------------------------------------------------------------------------------------------------------------------------------------------------------------------------------------------------------------------------------------------------------------------------------------------------------------------------------------------------------------------------------------------------------------------------------------------------------------+
; Slow Corner Signal Integrity Metrics                                                                                                                                                                                                                                                                                                                                                                                                                                                                                                                                                                                                                                                       ;
+---------------+--------------+---------------------+---------------------+------------------------------+------------------------------+---------------------+---------------------+--------------------------------------+--------------------------------------+-----------------------------+-----------------------------+----------------------------+----------------------------+-----------------------------+-----------------------------+--------------------+--------------------+-------------------------------------+-------------------------------------+----------------------------+----------------------------+---------------------------+---------------------------+
; Pin           ; I/O Standard ; Board Delay on Rise ; Board Delay on Fall ; Steady State Voh at FPGA Pin ; Steady State Vol at FPGA Pin ; Voh Max at FPGA Pin ; Vol Min at FPGA Pin ; Ringback Voltage on Rise at FPGA Pin ; Ringback Voltage on Fall at FPGA Pin ; 10-90 Rise Time at FPGA Pin ; 90-10 Fall Time at FPGA Pin ; Monotonic Rise at FPGA Pin ; Monotonic Fall at FPGA Pin ; Steady State Voh at Far-end ; Steady State Vol at Far-end ; Voh Max at Far-end ; Vol Min at Far-end ; Ringback Voltage on Rise at Far-end ; Ringback Voltage on Fall at Far-end ; 10-90 Rise Time at Far-end ; 90-10 Fall Time at Far-end ; Monotonic Rise at Far-end ; Monotonic Fall at Far-end ;
+---------------+--------------+---------------------+---------------------+------------------------------+------------------------------+---------------------+---------------------+--------------------------------------+--------------------------------------+-----------------------------+-----------------------------+----------------------------+----------------------------+-----------------------------+-----------------------------+--------------------+--------------------+-------------------------------------+-------------------------------------+----------------------------+----------------------------+---------------------------+---------------------------+
; carry_out     ; 2.5 V        ; 0 s                 ; 0 s                 ; 2.32 V                       ; 7.11e-07 V                   ; 2.33 V              ; -0.00353 V          ; 0.131 V                              ; 0.073 V                              ; 3.33e-09 s                  ; 3.13e-09 s                  ; Yes                        ; Yes                        ; 2.32 V                      ; 7.11e-07 V                  ; 2.33 V             ; -0.00353 V         ; 0.131 V                             ; 0.073 V                             ; 3.33e-09 s                 ; 3.13e-09 s                 ; Yes                       ; Yes                       ;
; result[0]     ; 2.5 V        ; 0 s                 ; 0 s                 ; 2.32 V                       ; 7.11e-07 V                   ; 2.36 V              ; -0.00477 V          ; 0.097 V                              ; 0.012 V                              ; 4.4e-10 s                   ; 4.15e-10 s                  ; Yes                        ; Yes                        ; 2.32 V                      ; 7.11e-07 V                  ; 2.36 V             ; -0.00477 V         ; 0.097 V                             ; 0.012 V                             ; 4.4e-10 s                  ; 4.15e-10 s                 ; Yes                       ; Yes                       ;
; result[1]     ; 2.5 V        ; 0 s                 ; 0 s                 ; 2.32 V                       ; 7.11e-07 V                   ; 2.36 V              ; -0.00477 V          ; 0.097 V                              ; 0.012 V                              ; 4.4e-10 s                   ; 4.15e-10 s                  ; Yes                        ; Yes                        ; 2.32 V                      ; 7.11e-07 V                  ; 2.36 V             ; -0.00477 V         ; 0.097 V                             ; 0.012 V                             ; 4.4e-10 s                  ; 4.15e-10 s                 ; Yes                       ; Yes                       ;
; result[2]     ; 2.5 V        ; 0 s                 ; 0 s                 ; 2.32 V                       ; 1.06e-06 V                   ; 2.36 V              ; -0.00548 V          ; 0.108 V                              ; 0.017 V                              ; 4.48e-10 s                  ; 4.25e-10 s                  ; Yes                        ; Yes                        ; 2.32 V                      ; 1.06e-06 V                  ; 2.36 V             ; -0.00548 V         ; 0.108 V                             ; 0.017 V                             ; 4.48e-10 s                 ; 4.25e-10 s                 ; Yes                       ; Yes                       ;
; result[3]     ; 2.5 V        ; 0 s                 ; 0 s                 ; 2.32 V                       ; 7.11e-07 V                   ; 2.35 V              ; -0.00791 V          ; 0.102 V                              ; 0.023 V                              ; 6.39e-10 s                  ; 5.99e-10 s                  ; Yes                        ; Yes                        ; 2.32 V                      ; 7.11e-07 V                  ; 2.35 V             ; -0.00791 V         ; 0.102 V                             ; 0.023 V                             ; 6.39e-10 s                 ; 5.99e-10 s                 ; Yes                       ; Yes                       ;
; result[4]     ; 2.5 V        ; 0 s                 ; 0 s                 ; 2.32 V                       ; 7.11e-07 V                   ; 2.35 V              ; -0.00791 V          ; 0.102 V                              ; 0.023 V                              ; 6.39e-10 s                  ; 5.99e-10 s                  ; Yes                        ; Yes                        ; 2.32 V                      ; 7.11e-07 V                  ; 2.35 V             ; -0.00791 V         ; 0.102 V                             ; 0.023 V                             ; 6.39e-10 s                 ; 5.99e-10 s                 ; Yes                       ; Yes                       ;
; result[5]     ; 2.5 V        ; 0 s                 ; 0 s                 ; 2.32 V                       ; 7.11e-07 V                   ; 2.35 V              ; -0.00791 V          ; 0.102 V                              ; 0.023 V                              ; 6.39e-10 s                  ; 5.99e-10 s                  ; Yes                        ; Yes                        ; 2.32 V                      ; 7.11e-07 V                  ; 2.35 V             ; -0.00791 V         ; 0.102 V                             ; 0.023 V                             ; 6.39e-10 s                 ; 5.99e-10 s                 ; Yes                       ; Yes                       ;
; result[6]     ; 2.5 V        ; 0 s                 ; 0 s                 ; 2.32 V                       ; 7.11e-07 V                   ; 2.35 V              ; -0.00791 V          ; 0.102 V                              ; 0.023 V                              ; 6.39e-10 s                  ; 5.99e-10 s                  ; Yes                        ; Yes                        ; 2.32 V                      ; 7.11e-07 V                  ; 2.35 V             ; -0.00791 V         ; 0.102 V                             ; 0.023 V                             ; 6.39e-10 s                 ; 5.99e-10 s                 ; Yes                       ; Yes                       ;
; result[7]     ; 2.5 V        ; 0 s                 ; 0 s                 ; 2.32 V                       ; 7.11e-07 V                   ; 2.35 V              ; -0.00791 V          ; 0.102 V                              ; 0.023 V                              ; 6.39e-10 s                  ; 5.99e-10 s                  ; Yes                        ; Yes                        ; 2.32 V                      ; 7.11e-07 V                  ; 2.35 V             ; -0.00791 V         ; 0.102 V                             ; 0.023 V                             ; 6.39e-10 s                 ; 5.99e-10 s                 ; Yes                       ; Yes                       ;
; ~ALTERA_DCLK~ ; 2.5 V        ; 0 s                 ; 0 s                 ; 2.32 V                       ; 5.68e-07 V                   ; 2.36 V              ; -0.0222 V           ; 0.073 V                              ; 0.035 V                              ; 3.97e-10 s                  ; 3.26e-10 s                  ; Yes                        ; Yes                        ; 2.32 V                      ; 5.68e-07 V                  ; 2.36 V             ; -0.0222 V          ; 0.073 V                             ; 0.035 V                             ; 3.97e-10 s                 ; 3.26e-10 s                 ; Yes                       ; Yes                       ;
; ~ALTERA_nCEO~ ; 2.5 V        ; 0 s                 ; 0 s                 ; 2.32 V                       ; 9.36e-07 V                   ; 2.35 V              ; -0.00597 V          ; 0.081 V                              ; 0.031 V                              ; 5.3e-10 s                   ; 7.56e-10 s                  ; Yes                        ; Yes                        ; 2.32 V                      ; 9.36e-07 V                  ; 2.35 V             ; -0.00597 V         ; 0.081 V                             ; 0.031 V                             ; 5.3e-10 s                  ; 7.56e-10 s                 ; Yes                       ; Yes                       ;
+---------------+--------------+---------------------+---------------------+------------------------------+------------------------------+---------------------+---------------------+--------------------------------------+--------------------------------------+-----------------------------+-----------------------------+----------------------------+----------------------------+-----------------------------+-----------------------------+--------------------+--------------------+-------------------------------------+-------------------------------------+----------------------------+----------------------------+---------------------------+---------------------------+


+--------------------------------------------------------------------------------------------------------------------------------------------------------------------------------------------------------------------------------------------------------------------------------------------------------------------------------------------------------------------------------------------------------------------------------------------------------------------------------------------------------------------------------------------------------------------------------------------------------------------------------------------------------------------------------------------+
; Fast Corner Signal Integrity Metrics                                                                                                                                                                                                                                                                                                                                                                                                                                                                                                                                                                                                                                                       ;
+---------------+--------------+---------------------+---------------------+------------------------------+------------------------------+---------------------+---------------------+--------------------------------------+--------------------------------------+-----------------------------+-----------------------------+----------------------------+----------------------------+-----------------------------+-----------------------------+--------------------+--------------------+-------------------------------------+-------------------------------------+----------------------------+----------------------------+---------------------------+---------------------------+
; Pin           ; I/O Standard ; Board Delay on Rise ; Board Delay on Fall ; Steady State Voh at FPGA Pin ; Steady State Vol at FPGA Pin ; Voh Max at FPGA Pin ; Vol Min at FPGA Pin ; Ringback Voltage on Rise at FPGA Pin ; Ringback Voltage on Fall at FPGA Pin ; 10-90 Rise Time at FPGA Pin ; 90-10 Fall Time at FPGA Pin ; Monotonic Rise at FPGA Pin ; Monotonic Fall at FPGA Pin ; Steady State Voh at Far-end ; Steady State Vol at Far-end ; Voh Max at Far-end ; Vol Min at Far-end ; Ringback Voltage on Rise at Far-end ; Ringback Voltage on Fall at Far-end ; 10-90 Rise Time at Far-end ; 90-10 Fall Time at Far-end ; Monotonic Rise at Far-end ; Monotonic Fall at Far-end ;
+---------------+--------------+---------------------+---------------------+------------------------------+------------------------------+---------------------+---------------------+--------------------------------------+--------------------------------------+-----------------------------+-----------------------------+----------------------------+----------------------------+-----------------------------+-----------------------------+--------------------+--------------------+-------------------------------------+-------------------------------------+----------------------------+----------------------------+---------------------------+---------------------------+
; carry_out     ; 2.5 V        ; 0 s                 ; 0 s                 ; 2.62 V                       ; 2.7e-08 V                    ; 2.64 V              ; -0.0118 V           ; 0.201 V                              ; 0.175 V                              ; 2.38e-09 s                  ; 2.21e-09 s                  ; No                         ; Yes                        ; 2.62 V                      ; 2.7e-08 V                   ; 2.64 V             ; -0.0118 V          ; 0.201 V                             ; 0.175 V                             ; 2.38e-09 s                 ; 2.21e-09 s                 ; No                        ; Yes                       ;
; result[0]     ; 2.5 V        ; 0 s                 ; 0 s                 ; 2.62 V                       ; 2.7e-08 V                    ; 2.72 V              ; -0.0401 V           ; 0.163 V                              ; 0.091 V                              ; 2.71e-10 s                  ; 2.61e-10 s                  ; Yes                        ; Yes                        ; 2.62 V                      ; 2.7e-08 V                   ; 2.72 V             ; -0.0401 V          ; 0.163 V                             ; 0.091 V                             ; 2.71e-10 s                 ; 2.61e-10 s                 ; Yes                       ; Yes                       ;
; result[1]     ; 2.5 V        ; 0 s                 ; 0 s                 ; 2.62 V                       ; 2.7e-08 V                    ; 2.72 V              ; -0.0401 V           ; 0.163 V                              ; 0.091 V                              ; 2.71e-10 s                  ; 2.61e-10 s                  ; Yes                        ; Yes                        ; 2.62 V                      ; 2.7e-08 V                   ; 2.72 V             ; -0.0401 V          ; 0.163 V                             ; 0.091 V                             ; 2.71e-10 s                 ; 2.61e-10 s                 ; Yes                       ; Yes                       ;
; result[2]     ; 2.5 V        ; 0 s                 ; 0 s                 ; 2.62 V                       ; 4.02e-08 V                   ; 2.71 V              ; -0.0354 V           ; 0.174 V                              ; 0.098 V                              ; 2.73e-10 s                  ; 2.69e-10 s                  ; Yes                        ; Yes                        ; 2.62 V                      ; 4.02e-08 V                  ; 2.71 V             ; -0.0354 V          ; 0.174 V                             ; 0.098 V                             ; 2.73e-10 s                 ; 2.69e-10 s                 ; Yes                       ; Yes                       ;
; result[3]     ; 2.5 V        ; 0 s                 ; 0 s                 ; 2.62 V                       ; 2.7e-08 V                    ; 2.71 V              ; -0.0354 V           ; 0.148 V                              ; 0.064 V                              ; 4.51e-10 s                  ; 4.14e-10 s                  ; No                         ; Yes                        ; 2.62 V                      ; 2.7e-08 V                   ; 2.71 V             ; -0.0354 V          ; 0.148 V                             ; 0.064 V                             ; 4.51e-10 s                 ; 4.14e-10 s                 ; No                        ; Yes                       ;
; result[4]     ; 2.5 V        ; 0 s                 ; 0 s                 ; 2.62 V                       ; 2.7e-08 V                    ; 2.71 V              ; -0.0354 V           ; 0.148 V                              ; 0.064 V                              ; 4.51e-10 s                  ; 4.14e-10 s                  ; No                         ; Yes                        ; 2.62 V                      ; 2.7e-08 V                   ; 2.71 V             ; -0.0354 V          ; 0.148 V                             ; 0.064 V                             ; 4.51e-10 s                 ; 4.14e-10 s                 ; No                        ; Yes                       ;
; result[5]     ; 2.5 V        ; 0 s                 ; 0 s                 ; 2.62 V                       ; 2.7e-08 V                    ; 2.71 V              ; -0.0354 V           ; 0.148 V                              ; 0.064 V                              ; 4.51e-10 s                  ; 4.14e-10 s                  ; No                         ; Yes                        ; 2.62 V                      ; 2.7e-08 V                   ; 2.71 V             ; -0.0354 V          ; 0.148 V                             ; 0.064 V                             ; 4.51e-10 s                 ; 4.14e-10 s                 ; No                        ; Yes                       ;
; result[6]     ; 2.5 V        ; 0 s                 ; 0 s                 ; 2.62 V                       ; 2.7e-08 V                    ; 2.71 V              ; -0.0354 V           ; 0.148 V                              ; 0.064 V                              ; 4.51e-10 s                  ; 4.14e-10 s                  ; No                         ; Yes                        ; 2.62 V                      ; 2.7e-08 V                   ; 2.71 V             ; -0.0354 V          ; 0.148 V                             ; 0.064 V                             ; 4.51e-10 s                 ; 4.14e-10 s                 ; No                        ; Yes                       ;
; result[7]     ; 2.5 V        ; 0 s                 ; 0 s                 ; 2.62 V                       ; 2.7e-08 V                    ; 2.71 V              ; -0.0354 V           ; 0.148 V                              ; 0.064 V                              ; 4.51e-10 s                  ; 4.14e-10 s                  ; No                         ; Yes                        ; 2.62 V                      ; 2.7e-08 V                   ; 2.71 V             ; -0.0354 V          ; 0.148 V                             ; 0.064 V                             ; 4.51e-10 s                 ; 4.14e-10 s                 ; No                        ; Yes                       ;
; ~ALTERA_DCLK~ ; 2.5 V        ; 0 s                 ; 0 s                 ; 2.62 V                       ; 2.2e-08 V                    ; 2.74 V              ; -0.061 V            ; 0.159 V                              ; 0.078 V                              ; 2.7e-10 s                   ; 2.2e-10 s                   ; No                         ; Yes                        ; 2.62 V                      ; 2.2e-08 V                   ; 2.74 V             ; -0.061 V           ; 0.159 V                             ; 0.078 V                             ; 2.7e-10 s                  ; 2.2e-10 s                  ; No                        ; Yes                       ;
; ~ALTERA_nCEO~ ; 2.5 V        ; 0 s                 ; 0 s                 ; 2.62 V                       ; 3.52e-08 V                   ; 2.7 V               ; -0.0121 V           ; 0.274 V                              ; 0.034 V                              ; 3.18e-10 s                  ; 4.96e-10 s                  ; No                         ; Yes                        ; 2.62 V                      ; 3.52e-08 V                  ; 2.7 V              ; -0.0121 V          ; 0.274 V                             ; 0.034 V                             ; 3.18e-10 s                 ; 4.96e-10 s                 ; No                        ; Yes                       ;
+---------------+--------------+---------------------+---------------------+------------------------------+------------------------------+---------------------+---------------------+--------------------------------------+--------------------------------------+-----------------------------+-----------------------------+----------------------------+----------------------------+-----------------------------+-----------------------------+--------------------+--------------------+-------------------------------------+-------------------------------------+----------------------------+----------------------------+---------------------------+---------------------------+


-------------------
; Clock Transfers ;
-------------------
Nothing to report.


---------------
; Report TCCS ;
---------------
No dedicated SERDES Transmitter circuitry present in device or used in design


---------------
; Report RSKM ;
---------------
No non-DPA dedicated SERDES Receiver circuitry present in device or used in design


+------------------------------------------------+
; Unconstrained Paths                            ;
+---------------------------------+-------+------+
; Property                        ; Setup ; Hold ;
+---------------------------------+-------+------+
; Illegal Clocks                  ; 0     ; 0    ;
; Unconstrained Clocks            ; 0     ; 0    ;
; Unconstrained Input Ports       ; 17    ; 17   ;
; Unconstrained Input Port Paths  ; 97    ; 97   ;
; Unconstrained Output Ports      ; 9     ; 9    ;
; Unconstrained Output Port Paths ; 97    ; 97   ;
+---------------------------------+-------+------+


+------------------------------------+
; TimeQuest Timing Analyzer Messages ;
+------------------------------------+
Info: *******************************************************************
Info: Running Quartus II 64-Bit TimeQuest Timing Analyzer
    Info: Version 13.1.0 Build 162 10/23/2013 SJ Full Version
    Info: Processing started: Fri Jun 22 22:22:28 2018
Info: Command: quartus_sta somadores -c somadores
Info: qsta_default_script.tcl version: #1
Info (11104): Parallel Compilation has detected 4 hyper-threaded processors. However, the extra hyper-threaded processors will not be used by default. Parallel Compilation will use 2 of the 2 physical processors detected instead.
Info (21076): High junction temperature operating condition is not set. Assuming a default value of '85'.
Info (21076): Low junction temperature operating condition is not set. Assuming a default value of '0'.
Critical Warning (332012): Synopsys Design Constraints File file not found: 'somadores.sdc'. A Synopsys Design Constraints File is required by the TimeQuest Timing Analyzer to get proper timing constraints. Without it, the Compiler will not properly optimize the design.
Info (332142): No user constrained base clocks found in the design. Calling "derive_clocks -period 1.0"
Info (332096): The command derive_clocks did not find any clocks to derive.  No clocks were created or changed.
Warning (332068): No clocks defined in design.
Info (332143): No user constrained clock uncertainty found in the design. Calling "derive_clock_uncertainty"
Info (332154): The derive_clock_uncertainty command did not apply clock uncertainty to any clock-to-clock transfers.
Info: Found TIMEQUEST_REPORT_SCRIPT_INCLUDE_DEFAULT_ANALYSIS = ON
Info (332159): No clocks to report
Info: Analyzing Slow 1200mV 85C Model
Info (332140): No fmax paths to report
Info (332140): No Setup paths to report
Info (332140): No Hold paths to report
Info (332140): No Recovery paths to report
Info (332140): No Removal paths to report
Info (332140): No Minimum Pulse Width paths to report
Info: Analyzing Slow 1200mV 0C Model
Info (334003): Started post-fitting delay annotation
Info (334004): Delay annotation completed successfully
Info (332142): No user constrained base clocks found in the design. Calling "derive_clocks -period 1.0"
Info (332096): The command derive_clocks did not find any clocks to derive.  No clocks were created or changed.
Warning (332068): No clocks defined in design.
Info (332154): The derive_clock_uncertainty command did not apply clock uncertainty to any clock-to-clock transfers.
Info (332140): No fmax paths to report
Info (332140): No Setup paths to report
Info (332140): No Hold paths to report
Info (332140): No Recovery paths to report
Info (332140): No Removal paths to report
Info (332140): No Minimum Pulse Width paths to report
Info: Analyzing Fast 1200mV 0C Model
Info (332142): No user constrained base clocks found in the design. Calling "derive_clocks -period 1.0"
Info (332096): The command derive_clocks did not find any clocks to derive.  No clocks were created or changed.
Warning (332068): No clocks defined in design.
Info (332154): The derive_clock_uncertainty command did not apply clock uncertainty to any clock-to-clock transfers.
Info (332140): No Setup paths to report
Info (332140): No Hold paths to report
Info (332140): No Recovery paths to report
Info (332140): No Removal paths to report
Info (332140): No Minimum Pulse Width paths to report
Info (332102): Design is not fully constrained for setup requirements
Info (332102): Design is not fully constrained for hold requirements
Info: Quartus II 64-Bit TimeQuest Timing Analyzer was successful. 0 errors, 4 warnings
    Info: Peak virtual memory: 4670 megabytes
    Info: Processing ended: Fri Jun 22 22:22:32 2018
    Info: Elapsed time: 00:00:04
    Info: Total CPU time (on all processors): 00:00:02


